2025-05-19 04:48:15,746 - INFO - ------------------------------------Regular-------------------------------------------
2025-05-19 04:48:15,746 - INFO - [Regular Run 1] Starting
2025-05-19 04:48:16,846 - INFO - Training on device: cuda
2025-05-19 05:00:15,372 - INFO - [Regular Run 1] Training time: 719.63s
2025-05-19 05:00:15,625 - INFO - ------------------Test Statistics---------------------
2025-05-19 05:00:15,625 - INFO - Top-1 Accuracy: 62.29%
2025-05-19 05:00:15,625 - INFO - Top-5 Accuracy: 74.21%
2025-05-19 05:00:15,634 - INFO - ------------------Test Statistics---------------------
2025-05-19 05:00:15,634 - INFO - Top-1 Accuracy: 14.57%
2025-05-19 05:00:15,634 - INFO - Top-5 Accuracy: 33.20%
2025-05-19 05:00:15,877 - INFO - ------------------Test Statistics---------------------
2025-05-19 05:00:15,877 - INFO - Top-1 Accuracy: 5.69%
2025-05-19 05:00:15,877 - INFO - Top-5 Accuracy: 48.27%
2025-05-19 05:00:15,878 - INFO - Nuts
2025-05-19 05:00:16,084 - INFO - ------------------Test Statistics---------------------
2025-05-19 05:00:16,084 - INFO - Top-1 Accuracy: 93.58%
2025-05-19 05:00:16,084 - INFO - Top-5 Accuracy: 100.00%
2025-05-19 05:00:16,085 - INFO - Spices
2025-05-19 05:00:16,288 - INFO - ------------------Test Statistics---------------------
2025-05-19 05:00:16,289 - INFO - Top-1 Accuracy: 38.87%
2025-05-19 05:00:16,289 - INFO - Top-5 Accuracy: 60.96%
2025-05-19 05:00:16,289 - INFO - Herbs
2025-05-19 05:00:16,490 - INFO - ------------------Test Statistics---------------------
2025-05-19 05:00:16,490 - INFO - Top-1 Accuracy: 37.28%
2025-05-19 05:00:16,490 - INFO - Top-5 Accuracy: 64.13%
2025-05-19 05:00:16,491 - INFO - Fruits
2025-05-19 05:00:16,690 - INFO - ------------------Test Statistics---------------------
2025-05-19 05:00:16,690 - INFO - Top-1 Accuracy: 58.52%
2025-05-19 05:00:16,690 - INFO - Top-5 Accuracy: 61.84%
2025-05-19 05:00:16,690 - INFO - Vegetables
2025-05-19 05:00:16,890 - INFO - ------------------Test Statistics---------------------
2025-05-19 05:00:16,890 - INFO - Top-1 Accuracy: 80.93%
2025-05-19 05:00:16,890 - INFO - Top-5 Accuracy: 82.23%
2025-05-19 05:00:16,891 - INFO - [Regular Run 2] Starting
2025-05-19 05:00:17,991 - INFO - Training on device: cuda
2025-05-19 05:11:49,881 - INFO - [Regular Run 2] Training time: 692.99s
2025-05-19 05:11:50,125 - INFO - ------------------Test Statistics---------------------
2025-05-19 05:11:50,125 - INFO - Top-1 Accuracy: 61.40%
2025-05-19 05:11:50,125 - INFO - Top-5 Accuracy: 74.29%
2025-05-19 05:11:50,130 - INFO - ------------------Test Statistics---------------------
2025-05-19 05:11:50,130 - INFO - Top-1 Accuracy: 3.73%
2025-05-19 05:11:50,130 - INFO - Top-5 Accuracy: 19.94%
2025-05-19 05:11:50,364 - INFO - ------------------Test Statistics---------------------
2025-05-19 05:11:50,364 - INFO - Top-1 Accuracy: 0.00%
2025-05-19 05:11:50,364 - INFO - Top-5 Accuracy: 21.00%
2025-05-19 05:11:50,365 - INFO - Nuts
2025-05-19 05:11:50,685 - INFO - ------------------Test Statistics---------------------
2025-05-19 05:11:50,685 - INFO - Top-1 Accuracy: 97.88%
2025-05-19 05:11:50,685 - INFO - Top-5 Accuracy: 100.00%
2025-05-19 05:11:50,686 - INFO - Spices
2025-05-19 05:11:50,887 - INFO - ------------------Test Statistics---------------------
2025-05-19 05:11:50,887 - INFO - Top-1 Accuracy: 40.44%
2025-05-19 05:11:50,887 - INFO - Top-5 Accuracy: 51.67%
2025-05-19 05:11:50,887 - INFO - Herbs
2025-05-19 05:11:51,089 - INFO - ------------------Test Statistics---------------------
2025-05-19 05:11:51,089 - INFO - Top-1 Accuracy: 36.96%
2025-05-19 05:11:51,089 - INFO - Top-5 Accuracy: 65.36%
2025-05-19 05:11:51,089 - INFO - Fruits
2025-05-19 05:11:51,296 - INFO - ------------------Test Statistics---------------------
2025-05-19 05:11:51,296 - INFO - Top-1 Accuracy: 50.73%
2025-05-19 05:11:51,296 - INFO - Top-5 Accuracy: 70.22%
2025-05-19 05:11:51,297 - INFO - Vegetables
2025-05-19 05:11:51,503 - INFO - ------------------Test Statistics---------------------
2025-05-19 05:11:51,503 - INFO - Top-1 Accuracy: 78.32%
2025-05-19 05:11:51,503 - INFO - Top-5 Accuracy: 82.23%
2025-05-19 05:11:51,504 - INFO - [Regular Run 3] Starting
2025-05-19 05:11:52,576 - INFO - Training on device: cuda
2025-05-19 05:23:22,469 - INFO - [Regular Run 3] Training time: 690.96s
2025-05-19 05:23:22,706 - INFO - ------------------Test Statistics---------------------
2025-05-19 05:23:22,706 - INFO - Top-1 Accuracy: 63.20%
2025-05-19 05:23:22,706 - INFO - Top-5 Accuracy: 76.27%
2025-05-19 05:23:22,708 - INFO - ------------------Test Statistics---------------------
2025-05-19 05:23:22,708 - INFO - Top-1 Accuracy: 13.88%
2025-05-19 05:23:22,708 - INFO - Top-5 Accuracy: 22.17%
2025-05-19 05:23:22,944 - INFO - ------------------Test Statistics---------------------
2025-05-19 05:23:22,944 - INFO - Top-1 Accuracy: 5.83%
2025-05-19 05:23:22,944 - INFO - Top-5 Accuracy: 24.40%
2025-05-19 05:23:22,945 - INFO - Nuts
2025-05-19 05:23:23,145 - INFO - ------------------Test Statistics---------------------
2025-05-19 05:23:23,145 - INFO - Top-1 Accuracy: 96.71%
2025-05-19 05:23:23,145 - INFO - Top-5 Accuracy: 100.00%
2025-05-19 05:23:23,145 - INFO - Spices
2025-05-19 05:23:23,353 - INFO - ------------------Test Statistics---------------------
2025-05-19 05:23:23,353 - INFO - Top-1 Accuracy: 38.84%
2025-05-19 05:23:23,353 - INFO - Top-5 Accuracy: 51.05%
2025-05-19 05:23:23,353 - INFO - Herbs
2025-05-19 05:23:23,672 - INFO - ------------------Test Statistics---------------------
2025-05-19 05:23:23,672 - INFO - Top-1 Accuracy: 38.09%
2025-05-19 05:23:23,672 - INFO - Top-5 Accuracy: 75.49%
2025-05-19 05:23:23,672 - INFO - Fruits
2025-05-19 05:23:23,873 - INFO - ------------------Test Statistics---------------------
2025-05-19 05:23:23,873 - INFO - Top-1 Accuracy: 58.70%
2025-05-19 05:23:23,873 - INFO - Top-5 Accuracy: 70.66%
2025-05-19 05:23:23,873 - INFO - Vegetables
2025-05-19 05:23:24,083 - INFO - ------------------Test Statistics---------------------
2025-05-19 05:23:24,083 - INFO - Top-1 Accuracy: 81.18%
2025-05-19 05:23:24,083 - INFO - Top-5 Accuracy: 82.23%
2025-05-19 05:23:24,085 - INFO - [Regular Run 4] Starting
2025-05-19 05:23:25,164 - INFO - Training on device: cuda
2025-05-19 05:35:21,712 - INFO - [Regular Run 4] Training time: 717.63s
2025-05-19 05:35:21,956 - INFO - ------------------Test Statistics---------------------
2025-05-19 05:35:21,956 - INFO - Top-1 Accuracy: 62.73%
2025-05-19 05:35:21,956 - INFO - Top-5 Accuracy: 75.81%
2025-05-19 05:35:21,958 - INFO - ------------------Test Statistics---------------------
2025-05-19 05:35:21,958 - INFO - Top-1 Accuracy: 10.73%
2025-05-19 05:35:21,958 - INFO - Top-5 Accuracy: 22.65%
2025-05-19 05:35:22,182 - INFO - ------------------Test Statistics---------------------
2025-05-19 05:35:22,182 - INFO - Top-1 Accuracy: 0.00%
2025-05-19 05:35:22,182 - INFO - Top-5 Accuracy: 23.09%
2025-05-19 05:35:22,182 - INFO - Nuts
2025-05-19 05:35:22,384 - INFO - ------------------Test Statistics---------------------
2025-05-19 05:35:22,384 - INFO - Top-1 Accuracy: 93.29%
2025-05-19 05:35:22,384 - INFO - Top-5 Accuracy: 100.00%
2025-05-19 05:35:22,384 - INFO - Spices
2025-05-19 05:35:22,585 - INFO - ------------------Test Statistics---------------------
2025-05-19 05:35:22,585 - INFO - Top-1 Accuracy: 40.05%
2025-05-19 05:35:22,585 - INFO - Top-5 Accuracy: 51.05%
2025-05-19 05:35:22,586 - INFO - Herbs
2025-05-19 05:35:22,786 - INFO - ------------------Test Statistics---------------------
2025-05-19 05:35:22,786 - INFO - Top-1 Accuracy: 37.50%
2025-05-19 05:35:22,786 - INFO - Top-5 Accuracy: 81.88%
2025-05-19 05:35:22,786 - INFO - Fruits
2025-05-19 05:35:23,090 - INFO - ------------------Test Statistics---------------------
2025-05-19 05:35:23,091 - INFO - Top-1 Accuracy: 59.07%
2025-05-19 05:35:23,091 - INFO - Top-5 Accuracy: 61.94%
2025-05-19 05:35:23,091 - INFO - Vegetables
2025-05-19 05:35:23,297 - INFO - ------------------Test Statistics---------------------
2025-05-19 05:35:23,297 - INFO - Top-1 Accuracy: 81.52%
2025-05-19 05:35:23,297 - INFO - Top-5 Accuracy: 82.23%
2025-05-19 05:35:23,299 - INFO - [Regular Run 5] Starting
2025-05-19 05:35:24,368 - INFO - Training on device: cuda
2025-05-19 05:47:30,645 - INFO - [Regular Run 5] Training time: 727.35s
2025-05-19 05:47:30,900 - INFO - ------------------Test Statistics---------------------
2025-05-19 05:47:30,900 - INFO - Top-1 Accuracy: 60.15%
2025-05-19 05:47:30,900 - INFO - Top-5 Accuracy: 74.62%
2025-05-19 05:47:30,907 - INFO - ------------------Test Statistics---------------------
2025-05-19 05:47:30,907 - INFO - Top-1 Accuracy: 6.80%
2025-05-19 05:47:30,907 - INFO - Top-5 Accuracy: 22.34%
2025-05-19 05:47:31,138 - INFO - ------------------Test Statistics---------------------
2025-05-19 05:47:31,138 - INFO - Top-1 Accuracy: 5.87%
2025-05-19 05:47:31,138 - INFO - Top-5 Accuracy: 18.38%
2025-05-19 05:47:31,138 - INFO - Nuts
2025-05-19 05:47:31,351 - INFO - ------------------Test Statistics---------------------
2025-05-19 05:47:31,351 - INFO - Top-1 Accuracy: 88.95%
2025-05-19 05:47:31,351 - INFO - Top-5 Accuracy: 100.00%
2025-05-19 05:47:31,351 - INFO - Spices
2025-05-19 05:47:31,551 - INFO - ------------------Test Statistics---------------------
2025-05-19 05:47:31,551 - INFO - Top-1 Accuracy: 38.74%
2025-05-19 05:47:31,551 - INFO - Top-5 Accuracy: 51.57%
2025-05-19 05:47:31,551 - INFO - Herbs
2025-05-19 05:47:31,751 - INFO - ------------------Test Statistics---------------------
2025-05-19 05:47:31,752 - INFO - Top-1 Accuracy: 37.20%
2025-05-19 05:47:31,752 - INFO - Top-5 Accuracy: 68.01%
2025-05-19 05:47:31,752 - INFO - Fruits
2025-05-19 05:47:31,955 - INFO - ------------------Test Statistics---------------------
2025-05-19 05:47:31,955 - INFO - Top-1 Accuracy: 58.65%
2025-05-19 05:47:31,955 - INFO - Top-5 Accuracy: 69.32%
2025-05-19 05:47:31,955 - INFO - Vegetables
2025-05-19 05:47:32,273 - INFO - ------------------Test Statistics---------------------
2025-05-19 05:47:32,273 - INFO - Top-1 Accuracy: 75.08%
2025-05-19 05:47:32,273 - INFO - Top-5 Accuracy: 82.23%
2025-05-19 05:47:32,275 - INFO - [Regular Run 6] Starting
2025-05-19 05:47:33,331 - INFO - Training on device: cuda
2025-05-19 05:59:14,120 - INFO - [Regular Run 6] Training time: 701.85s
2025-05-19 05:59:14,359 - INFO - ------------------Test Statistics---------------------
2025-05-19 05:59:14,359 - INFO - Top-1 Accuracy: 62.11%
2025-05-19 05:59:14,359 - INFO - Top-5 Accuracy: 74.11%
2025-05-19 05:59:14,361 - INFO - ------------------Test Statistics---------------------
2025-05-19 05:59:14,361 - INFO - Top-1 Accuracy: 6.20%
2025-05-19 05:59:14,361 - INFO - Top-5 Accuracy: 24.37%
2025-05-19 05:59:14,592 - INFO - ------------------Test Statistics---------------------
2025-05-19 05:59:14,593 - INFO - Top-1 Accuracy: 9.92%
2025-05-19 05:59:14,593 - INFO - Top-5 Accuracy: 32.30%
2025-05-19 05:59:14,593 - INFO - Nuts
2025-05-19 05:59:14,794 - INFO - ------------------Test Statistics---------------------
2025-05-19 05:59:14,794 - INFO - Top-1 Accuracy: 88.71%
2025-05-19 05:59:14,794 - INFO - Top-5 Accuracy: 100.00%
2025-05-19 05:59:14,794 - INFO - Spices
2025-05-19 05:59:14,994 - INFO - ------------------Test Statistics---------------------
2025-05-19 05:59:14,994 - INFO - Top-1 Accuracy: 51.04%
2025-05-19 05:59:14,994 - INFO - Top-5 Accuracy: 60.31%
2025-05-19 05:59:14,994 - INFO - Herbs
2025-05-19 05:59:15,203 - INFO - ------------------Test Statistics---------------------
2025-05-19 05:59:15,203 - INFO - Top-1 Accuracy: 37.77%
2025-05-19 05:59:15,203 - INFO - Top-5 Accuracy: 64.33%
2025-05-19 05:59:15,203 - INFO - Fruits
2025-05-19 05:59:15,406 - INFO - ------------------Test Statistics---------------------
2025-05-19 05:59:15,407 - INFO - Top-1 Accuracy: 49.23%
2025-05-19 05:59:15,407 - INFO - Top-5 Accuracy: 61.78%
2025-05-19 05:59:15,407 - INFO - Vegetables
2025-05-19 05:59:15,619 - INFO - ------------------Test Statistics---------------------
2025-05-19 05:59:15,619 - INFO - Top-1 Accuracy: 81.96%
2025-05-19 05:59:15,619 - INFO - Top-5 Accuracy: 82.23%
2025-05-19 05:59:15,621 - INFO - [Regular Run 7] Starting
2025-05-19 05:59:16,650 - INFO - Training on device: cuda
2025-05-19 06:10:54,593 - INFO - [Regular Run 7] Training time: 698.97s
2025-05-19 06:10:54,847 - INFO - ------------------Test Statistics---------------------
2025-05-19 06:10:54,847 - INFO - Top-1 Accuracy: 61.52%
2025-05-19 06:10:54,847 - INFO - Top-5 Accuracy: 75.23%
2025-05-19 06:10:54,854 - INFO - ------------------Test Statistics---------------------
2025-05-19 06:10:54,854 - INFO - Top-1 Accuracy: 10.84%
2025-05-19 06:10:54,854 - INFO - Top-5 Accuracy: 20.43%
2025-05-19 06:10:55,080 - INFO - ------------------Test Statistics---------------------
2025-05-19 06:10:55,080 - INFO - Top-1 Accuracy: 3.31%
2025-05-19 06:10:55,080 - INFO - Top-5 Accuracy: 18.30%
2025-05-19 06:10:55,081 - INFO - Nuts
2025-05-19 06:10:55,289 - INFO - ------------------Test Statistics---------------------
2025-05-19 06:10:55,289 - INFO - Top-1 Accuracy: 92.96%
2025-05-19 06:10:55,289 - INFO - Top-5 Accuracy: 100.00%
2025-05-19 06:10:55,290 - INFO - Spices
2025-05-19 06:10:55,495 - INFO - ------------------Test Statistics---------------------
2025-05-19 06:10:55,495 - INFO - Top-1 Accuracy: 40.92%
2025-05-19 06:10:55,496 - INFO - Top-5 Accuracy: 41.60%
2025-05-19 06:10:55,496 - INFO - Herbs
2025-05-19 06:10:55,698 - INFO - ------------------Test Statistics---------------------
2025-05-19 06:10:55,698 - INFO - Top-1 Accuracy: 36.49%
2025-05-19 06:10:55,698 - INFO - Top-5 Accuracy: 79.44%
2025-05-19 06:10:55,698 - INFO - Fruits
2025-05-19 06:10:55,902 - INFO - ------------------Test Statistics---------------------
2025-05-19 06:10:55,902 - INFO - Top-1 Accuracy: 58.33%
2025-05-19 06:10:55,902 - INFO - Top-5 Accuracy: 70.81%
2025-05-19 06:10:55,902 - INFO - Vegetables
2025-05-19 06:10:56,104 - INFO - ------------------Test Statistics---------------------
2025-05-19 06:10:56,104 - INFO - Top-1 Accuracy: 76.61%
2025-05-19 06:10:56,104 - INFO - Top-5 Accuracy: 82.23%
2025-05-19 06:10:56,105 - INFO - [Regular Run 8] Starting
2025-05-19 06:10:57,149 - INFO - Training on device: cuda
2025-05-19 06:22:50,572 - INFO - [Regular Run 8] Training time: 714.47s
2025-05-19 06:22:50,811 - INFO - ------------------Test Statistics---------------------
2025-05-19 06:22:50,811 - INFO - Top-1 Accuracy: 61.58%
2025-05-19 06:22:50,811 - INFO - Top-5 Accuracy: 74.93%
2025-05-19 06:22:50,813 - INFO - ------------------Test Statistics---------------------
2025-05-19 06:22:50,813 - INFO - Top-1 Accuracy: 9.63%
2025-05-19 06:22:50,813 - INFO - Top-5 Accuracy: 19.67%
2025-05-19 06:22:51,044 - INFO - ------------------Test Statistics---------------------
2025-05-19 06:22:51,044 - INFO - Top-1 Accuracy: 2.48%
2025-05-19 06:22:51,044 - INFO - Top-5 Accuracy: 22.96%
2025-05-19 06:22:51,045 - INFO - Nuts
2025-05-19 06:22:51,245 - INFO - ------------------Test Statistics---------------------
2025-05-19 06:22:51,245 - INFO - Top-1 Accuracy: 93.47%
2025-05-19 06:22:51,245 - INFO - Top-5 Accuracy: 100.00%
2025-05-19 06:22:51,245 - INFO - Spices
2025-05-19 06:22:51,446 - INFO - ------------------Test Statistics---------------------
2025-05-19 06:22:51,446 - INFO - Top-1 Accuracy: 41.19%
2025-05-19 06:22:51,446 - INFO - Top-5 Accuracy: 51.02%
2025-05-19 06:22:51,446 - INFO - Herbs
2025-05-19 06:22:51,658 - INFO - ------------------Test Statistics---------------------
2025-05-19 06:22:51,658 - INFO - Top-1 Accuracy: 37.92%
2025-05-19 06:22:51,658 - INFO - Top-5 Accuracy: 68.97%
2025-05-19 06:22:51,659 - INFO - Fruits
2025-05-19 06:22:51,863 - INFO - ------------------Test Statistics---------------------
2025-05-19 06:22:51,863 - INFO - Top-1 Accuracy: 58.16%
2025-05-19 06:22:51,863 - INFO - Top-5 Accuracy: 70.49%
2025-05-19 06:22:51,863 - INFO - Vegetables
2025-05-19 06:22:52,065 - INFO - ------------------Test Statistics---------------------
2025-05-19 06:22:52,065 - INFO - Top-1 Accuracy: 74.85%
2025-05-19 06:22:52,065 - INFO - Top-5 Accuracy: 82.23%
2025-05-19 06:22:52,066 - INFO - [Regular Run 9] Starting
2025-05-19 06:22:53,118 - INFO - Training on device: cuda
2025-05-19 06:34:55,111 - INFO - [Regular Run 9] Training time: 723.04s
2025-05-19 06:34:55,362 - INFO - ------------------Test Statistics---------------------
2025-05-19 06:34:55,363 - INFO - Top-1 Accuracy: 63.85%
2025-05-19 06:34:55,363 - INFO - Top-5 Accuracy: 73.82%
2025-05-19 06:34:55,367 - INFO - ------------------Test Statistics---------------------
2025-05-19 06:34:55,367 - INFO - Top-1 Accuracy: 8.92%
2025-05-19 06:34:55,367 - INFO - Top-5 Accuracy: 26.15%
2025-05-19 06:34:55,597 - INFO - ------------------Test Statistics---------------------
2025-05-19 06:34:55,598 - INFO - Top-1 Accuracy: 4.09%
2025-05-19 06:34:55,598 - INFO - Top-5 Accuracy: 5.90%
2025-05-19 06:34:55,598 - INFO - Nuts
2025-05-19 06:34:55,809 - INFO - ------------------Test Statistics---------------------
2025-05-19 06:34:55,809 - INFO - Top-1 Accuracy: 96.29%
2025-05-19 06:34:55,809 - INFO - Top-5 Accuracy: 100.00%
2025-05-19 06:34:55,810 - INFO - Spices
2025-05-19 06:34:56,023 - INFO - ------------------Test Statistics---------------------
2025-05-19 06:34:56,023 - INFO - Top-1 Accuracy: 41.58%
2025-05-19 06:34:56,023 - INFO - Top-5 Accuracy: 52.28%
2025-05-19 06:34:56,024 - INFO - Herbs
2025-05-19 06:34:56,236 - INFO - ------------------Test Statistics---------------------
2025-05-19 06:34:56,236 - INFO - Top-1 Accuracy: 38.66%
2025-05-19 06:34:56,236 - INFO - Top-5 Accuracy: 60.82%
2025-05-19 06:34:56,237 - INFO - Fruits
2025-05-19 06:34:56,448 - INFO - ------------------Test Statistics---------------------
2025-05-19 06:34:56,448 - INFO - Top-1 Accuracy: 60.53%
2025-05-19 06:34:56,448 - INFO - Top-5 Accuracy: 71.80%
2025-05-19 06:34:56,449 - INFO - Vegetables
2025-05-19 06:34:56,661 - INFO - ------------------Test Statistics---------------------
2025-05-19 06:34:56,661 - INFO - Top-1 Accuracy: 79.84%
2025-05-19 06:34:56,661 - INFO - Top-5 Accuracy: 82.23%
2025-05-19 06:34:56,663 - INFO - [Regular Run 10] Starting
2025-05-19 06:34:57,716 - INFO - Training on device: cuda
2025-05-19 06:46:57,383 - INFO - [Regular Run 10] Training time: 720.72s
2025-05-19 06:46:57,623 - INFO - ------------------Test Statistics---------------------
2025-05-19 06:46:57,623 - INFO - Top-1 Accuracy: 61.49%
2025-05-19 06:46:57,623 - INFO - Top-5 Accuracy: 74.23%
2025-05-19 06:46:57,625 - INFO - ------------------Test Statistics---------------------
2025-05-19 06:46:57,625 - INFO - Top-1 Accuracy: 7.30%
2025-05-19 06:46:57,626 - INFO - Top-5 Accuracy: 29.45%
2025-05-19 06:46:57,854 - INFO - ------------------Test Statistics---------------------
2025-05-19 06:46:57,854 - INFO - Top-1 Accuracy: 3.11%
2025-05-19 06:46:57,854 - INFO - Top-5 Accuracy: 19.16%
2025-05-19 06:46:57,854 - INFO - Nuts
2025-05-19 06:46:58,061 - INFO - ------------------Test Statistics---------------------
2025-05-19 06:46:58,061 - INFO - Top-1 Accuracy: 90.32%
2025-05-19 06:46:58,061 - INFO - Top-5 Accuracy: 100.00%
2025-05-19 06:46:58,061 - INFO - Spices
2025-05-19 06:46:58,274 - INFO - ------------------Test Statistics---------------------
2025-05-19 06:46:58,274 - INFO - Top-1 Accuracy: 39.35%
2025-05-19 06:46:58,274 - INFO - Top-5 Accuracy: 55.50%
2025-05-19 06:46:58,275 - INFO - Herbs
2025-05-19 06:46:58,476 - INFO - ------------------Test Statistics---------------------
2025-05-19 06:46:58,476 - INFO - Top-1 Accuracy: 36.73%
2025-05-19 06:46:58,476 - INFO - Top-5 Accuracy: 59.76%
2025-05-19 06:46:58,477 - INFO - Fruits
2025-05-19 06:46:58,679 - INFO - ------------------Test Statistics---------------------
2025-05-19 06:46:58,679 - INFO - Top-1 Accuracy: 58.40%
2025-05-19 06:46:58,679 - INFO - Top-5 Accuracy: 71.72%
2025-05-19 06:46:58,680 - INFO - Vegetables
2025-05-19 06:46:58,880 - INFO - ------------------Test Statistics---------------------
2025-05-19 06:46:58,880 - INFO - Top-1 Accuracy: 80.57%
2025-05-19 06:46:58,880 - INFO - Top-5 Accuracy: 82.23%
