2025-05-19 13:16:51,062 - INFO - ------------------------------------Dropout-------------------------------------------
2025-05-19 13:16:51,062 - INFO - [Dropout Run 1] Starting
2025-05-19 13:16:52,156 - INFO - Training on device: cuda
2025-05-19 13:29:07,508 - INFO - [Dropout Run 1] Training time: 736.45s
2025-05-19 13:29:07,760 - INFO - ------------------Test Statistics---------------------
2025-05-19 13:29:07,760 - INFO - Top-1 Accuracy: 60.20%
2025-05-19 13:29:07,760 - INFO - Top-5 Accuracy: 72.83%
2025-05-19 13:29:07,769 - INFO - ------------------Test Statistics---------------------
2025-05-19 13:29:07,769 - INFO - Top-1 Accuracy: 5.85%
2025-05-19 13:29:07,769 - INFO - Top-5 Accuracy: 25.80%
2025-05-19 13:29:08,007 - INFO - ------------------Test Statistics---------------------
2025-05-19 13:29:08,007 - INFO - Top-1 Accuracy: 0.00%
2025-05-19 13:29:08,007 - INFO - Top-5 Accuracy: 3.10%
2025-05-19 13:29:08,007 - INFO - Nuts
2025-05-19 13:29:08,207 - INFO - ------------------Test Statistics---------------------
2025-05-19 13:29:08,208 - INFO - Top-1 Accuracy: 90.18%
2025-05-19 13:29:08,208 - INFO - Top-5 Accuracy: 100.00%
2025-05-19 13:29:08,208 - INFO - Spices
2025-05-19 13:29:08,407 - INFO - ------------------Test Statistics---------------------
2025-05-19 13:29:08,407 - INFO - Top-1 Accuracy: 41.56%
2025-05-19 13:29:08,407 - INFO - Top-5 Accuracy: 42.41%
2025-05-19 13:29:08,407 - INFO - Herbs
2025-05-19 13:29:08,607 - INFO - ------------------Test Statistics---------------------
2025-05-19 13:29:08,607 - INFO - Top-1 Accuracy: 44.85%
2025-05-19 13:29:08,607 - INFO - Top-5 Accuracy: 47.03%
2025-05-19 13:29:08,607 - INFO - Fruits
2025-05-19 13:29:08,813 - INFO - ------------------Test Statistics---------------------
2025-05-19 13:29:08,813 - INFO - Top-1 Accuracy: 51.56%
2025-05-19 13:29:08,813 - INFO - Top-5 Accuracy: 90.46%
2025-05-19 13:29:08,814 - INFO - Vegetables
2025-05-19 13:29:09,018 - INFO - ------------------Test Statistics---------------------
2025-05-19 13:29:09,018 - INFO - Top-1 Accuracy: 70.61%
2025-05-19 13:29:09,018 - INFO - Top-5 Accuracy: 82.20%
2025-05-19 13:29:09,020 - INFO - [Dropout Run 2] Starting
2025-05-19 13:29:10,096 - INFO - Training on device: cuda
2025-05-19 13:40:53,999 - INFO - [Dropout Run 2] Training time: 704.98s
2025-05-19 13:40:54,250 - INFO - ------------------Test Statistics---------------------
2025-05-19 13:40:54,250 - INFO - Top-1 Accuracy: 53.59%
2025-05-19 13:40:54,250 - INFO - Top-5 Accuracy: 73.17%
2025-05-19 13:40:54,256 - INFO - ------------------Test Statistics---------------------
2025-05-19 13:40:54,256 - INFO - Top-1 Accuracy: 10.55%
2025-05-19 13:40:54,256 - INFO - Top-5 Accuracy: 22.58%
2025-05-19 13:40:54,485 - INFO - ------------------Test Statistics---------------------
2025-05-19 13:40:54,485 - INFO - Top-1 Accuracy: 0.00%
2025-05-19 13:40:54,485 - INFO - Top-5 Accuracy: 46.46%
2025-05-19 13:40:54,486 - INFO - Nuts
2025-05-19 13:40:54,793 - INFO - ------------------Test Statistics---------------------
2025-05-19 13:40:54,793 - INFO - Top-1 Accuracy: 83.38%
2025-05-19 13:40:54,793 - INFO - Top-5 Accuracy: 100.00%
2025-05-19 13:40:54,793 - INFO - Spices
2025-05-19 13:40:54,990 - INFO - ------------------Test Statistics---------------------
2025-05-19 13:40:54,990 - INFO - Top-1 Accuracy: 36.83%
2025-05-19 13:40:54,990 - INFO - Top-5 Accuracy: 60.92%
2025-05-19 13:40:54,990 - INFO - Herbs
2025-05-19 13:40:55,191 - INFO - ------------------Test Statistics---------------------
2025-05-19 13:40:55,191 - INFO - Top-1 Accuracy: 38.14%
2025-05-19 13:40:55,191 - INFO - Top-5 Accuracy: 69.14%
2025-05-19 13:40:55,191 - INFO - Fruits
2025-05-19 13:40:55,395 - INFO - ------------------Test Statistics---------------------
2025-05-19 13:40:55,395 - INFO - Top-1 Accuracy: 38.17%
2025-05-19 13:40:55,395 - INFO - Top-5 Accuracy: 51.56%
2025-05-19 13:40:55,396 - INFO - Vegetables
2025-05-19 13:40:55,597 - INFO - ------------------Test Statistics---------------------
2025-05-19 13:40:55,597 - INFO - Top-1 Accuracy: 69.26%
2025-05-19 13:40:55,597 - INFO - Top-5 Accuracy: 82.22%
2025-05-19 13:40:55,598 - INFO - [Dropout Run 3] Starting
2025-05-19 13:40:56,669 - INFO - Training on device: cuda
2025-05-19 13:53:03,587 - INFO - [Dropout Run 3] Training time: 727.99s
2025-05-19 13:53:03,827 - INFO - ------------------Test Statistics---------------------
2025-05-19 13:53:03,827 - INFO - Top-1 Accuracy: 59.54%
2025-05-19 13:53:03,827 - INFO - Top-5 Accuracy: 73.13%
2025-05-19 13:53:03,829 - INFO - ------------------Test Statistics---------------------
2025-05-19 13:53:03,829 - INFO - Top-1 Accuracy: 7.33%
2025-05-19 13:53:03,829 - INFO - Top-5 Accuracy: 20.48%
2025-05-19 13:53:04,049 - INFO - ------------------Test Statistics---------------------
2025-05-19 13:53:04,049 - INFO - Top-1 Accuracy: 3.69%
2025-05-19 13:53:04,049 - INFO - Top-5 Accuracy: 8.22%
2025-05-19 13:53:04,049 - INFO - Nuts
2025-05-19 13:53:04,250 - INFO - ------------------Test Statistics---------------------
2025-05-19 13:53:04,250 - INFO - Top-1 Accuracy: 88.37%
2025-05-19 13:53:04,250 - INFO - Top-5 Accuracy: 100.00%
2025-05-19 13:53:04,250 - INFO - Spices
2025-05-19 13:53:04,452 - INFO - ------------------Test Statistics---------------------
2025-05-19 13:53:04,452 - INFO - Top-1 Accuracy: 35.30%
2025-05-19 13:53:04,452 - INFO - Top-5 Accuracy: 41.56%
2025-05-19 13:53:04,453 - INFO - Herbs
2025-05-19 13:53:04,762 - INFO - ------------------Test Statistics---------------------
2025-05-19 13:53:04,762 - INFO - Top-1 Accuracy: 47.60%
2025-05-19 13:53:04,762 - INFO - Top-5 Accuracy: 78.27%
2025-05-19 13:53:04,763 - INFO - Fruits
2025-05-19 13:53:04,961 - INFO - ------------------Test Statistics---------------------
2025-05-19 13:53:04,961 - INFO - Top-1 Accuracy: 50.72%
2025-05-19 13:53:04,961 - INFO - Top-5 Accuracy: 61.42%
2025-05-19 13:53:04,961 - INFO - Vegetables
2025-05-19 13:53:05,176 - INFO - ------------------Test Statistics---------------------
2025-05-19 13:53:05,176 - INFO - Top-1 Accuracy: 73.53%
2025-05-19 13:53:05,176 - INFO - Top-5 Accuracy: 82.22%
2025-05-19 13:53:05,178 - INFO - [Dropout Run 4] Starting
2025-05-19 13:53:06,240 - INFO - Training on device: cuda
2025-05-19 14:05:32,970 - INFO - [Dropout Run 4] Training time: 747.79s
2025-05-19 14:05:33,219 - INFO - ------------------Test Statistics---------------------
2025-05-19 14:05:33,219 - INFO - Top-1 Accuracy: 52.99%
2025-05-19 14:05:33,219 - INFO - Top-5 Accuracy: 73.05%
2025-05-19 14:05:33,229 - INFO - ------------------Test Statistics---------------------
2025-05-19 14:05:33,229 - INFO - Top-1 Accuracy: 12.19%
2025-05-19 14:05:33,229 - INFO - Top-5 Accuracy: 23.47%
2025-05-19 14:05:33,464 - INFO - ------------------Test Statistics---------------------
2025-05-19 14:05:33,464 - INFO - Top-1 Accuracy: 0.00%
2025-05-19 14:05:33,464 - INFO - Top-5 Accuracy: 39.49%
2025-05-19 14:05:33,465 - INFO - Nuts
2025-05-19 14:05:33,665 - INFO - ------------------Test Statistics---------------------
2025-05-19 14:05:33,665 - INFO - Top-1 Accuracy: 93.00%
2025-05-19 14:05:33,665 - INFO - Top-5 Accuracy: 100.00%
2025-05-19 14:05:33,665 - INFO - Spices
2025-05-19 14:05:33,862 - INFO - ------------------Test Statistics---------------------
2025-05-19 14:05:33,862 - INFO - Top-1 Accuracy: 41.34%
2025-05-19 14:05:33,862 - INFO - Top-5 Accuracy: 51.43%
2025-05-19 14:05:33,863 - INFO - Herbs
2025-05-19 14:05:34,067 - INFO - ------------------Test Statistics---------------------
2025-05-19 14:05:34,067 - INFO - Top-1 Accuracy: 32.48%
2025-05-19 14:05:34,067 - INFO - Top-5 Accuracy: 57.88%
2025-05-19 14:05:34,068 - INFO - Fruits
2025-05-19 14:05:34,372 - INFO - ------------------Test Statistics---------------------
2025-05-19 14:05:34,372 - INFO - Top-1 Accuracy: 30.20%
2025-05-19 14:05:34,372 - INFO - Top-5 Accuracy: 71.80%
2025-05-19 14:05:34,373 - INFO - Vegetables
2025-05-19 14:05:34,570 - INFO - ------------------Test Statistics---------------------
2025-05-19 14:05:34,571 - INFO - Top-1 Accuracy: 65.09%
2025-05-19 14:05:34,571 - INFO - Top-5 Accuracy: 82.13%
2025-05-19 14:05:34,572 - INFO - [Dropout Run 5] Starting
2025-05-19 14:05:35,622 - INFO - Training on device: cuda
2025-05-19 14:18:00,237 - INFO - [Dropout Run 5] Training time: 745.66s
2025-05-19 14:18:00,491 - INFO - ------------------Test Statistics---------------------
2025-05-19 14:18:00,491 - INFO - Top-1 Accuracy: 60.46%
2025-05-19 14:18:00,491 - INFO - Top-5 Accuracy: 75.28%
2025-05-19 14:18:00,498 - INFO - ------------------Test Statistics---------------------
2025-05-19 14:18:00,498 - INFO - Top-1 Accuracy: 5.82%
2025-05-19 14:18:00,498 - INFO - Top-5 Accuracy: 21.26%
2025-05-19 14:18:00,727 - INFO - ------------------Test Statistics---------------------
2025-05-19 14:18:00,727 - INFO - Top-1 Accuracy: 7.92%
2025-05-19 14:18:00,727 - INFO - Top-5 Accuracy: 31.33%
2025-05-19 14:18:00,728 - INFO - Nuts
2025-05-19 14:18:00,934 - INFO - ------------------Test Statistics---------------------
2025-05-19 14:18:00,934 - INFO - Top-1 Accuracy: 88.41%
2025-05-19 14:18:00,934 - INFO - Top-5 Accuracy: 100.00%
2025-05-19 14:18:00,935 - INFO - Spices
2025-05-19 14:18:01,140 - INFO - ------------------Test Statistics---------------------
2025-05-19 14:18:01,140 - INFO - Top-1 Accuracy: 50.09%
2025-05-19 14:18:01,140 - INFO - Top-5 Accuracy: 61.62%
2025-05-19 14:18:01,140 - INFO - Herbs
2025-05-19 14:18:01,342 - INFO - ------------------Test Statistics---------------------
2025-05-19 14:18:01,342 - INFO - Top-1 Accuracy: 47.18%
2025-05-19 14:18:01,342 - INFO - Top-5 Accuracy: 68.75%
2025-05-19 14:18:01,342 - INFO - Fruits
2025-05-19 14:18:01,545 - INFO - ------------------Test Statistics---------------------
2025-05-19 14:18:01,545 - INFO - Top-1 Accuracy: 40.30%
2025-05-19 14:18:01,546 - INFO - Top-5 Accuracy: 61.94%
2025-05-19 14:18:01,546 - INFO - Vegetables
2025-05-19 14:18:01,849 - INFO - ------------------Test Statistics---------------------
2025-05-19 14:18:01,849 - INFO - Top-1 Accuracy: 74.29%
2025-05-19 14:18:01,849 - INFO - Top-5 Accuracy: 82.22%
2025-05-19 14:18:01,851 - INFO - [Dropout Run 6] Starting
2025-05-19 14:18:02,910 - INFO - Training on device: cuda
2025-05-19 14:32:40,142 - INFO - [Dropout Run 6] Training time: 878.29s
2025-05-19 14:32:40,393 - INFO - ------------------Test Statistics---------------------
2025-05-19 14:32:40,393 - INFO - Top-1 Accuracy: 58.93%
2025-05-19 14:32:40,393 - INFO - Top-5 Accuracy: 72.86%
2025-05-19 14:32:40,406 - INFO - ------------------Test Statistics---------------------
2025-05-19 14:32:40,406 - INFO - Top-1 Accuracy: 5.72%
2025-05-19 14:32:40,406 - INFO - Top-5 Accuracy: 33.21%
2025-05-19 14:32:40,632 - INFO - ------------------Test Statistics---------------------
2025-05-19 14:32:40,632 - INFO - Top-1 Accuracy: 5.28%
2025-05-19 14:32:40,632 - INFO - Top-5 Accuracy: 21.61%
2025-05-19 14:32:40,633 - INFO - Nuts
2025-05-19 14:32:40,842 - INFO - ------------------Test Statistics---------------------
2025-05-19 14:32:40,842 - INFO - Top-1 Accuracy: 82.64%
2025-05-19 14:32:40,842 - INFO - Top-5 Accuracy: 100.00%
2025-05-19 14:32:40,843 - INFO - Spices
2025-05-19 14:32:41,044 - INFO - ------------------Test Statistics---------------------
2025-05-19 14:32:41,044 - INFO - Top-1 Accuracy: 41.56%
2025-05-19 14:32:41,044 - INFO - Top-5 Accuracy: 51.05%
2025-05-19 14:32:41,044 - INFO - Herbs
2025-05-19 14:32:41,252 - INFO - ------------------Test Statistics---------------------
2025-05-19 14:32:41,252 - INFO - Top-1 Accuracy: 47.77%
2025-05-19 14:32:41,252 - INFO - Top-5 Accuracy: 67.00%
2025-05-19 14:32:41,253 - INFO - Fruits
2025-05-19 14:32:41,459 - INFO - ------------------Test Statistics---------------------
2025-05-19 14:32:41,459 - INFO - Top-1 Accuracy: 51.56%
2025-05-19 14:32:41,459 - INFO - Top-5 Accuracy: 61.94%
2025-05-19 14:32:41,460 - INFO - Vegetables
2025-05-19 14:32:41,672 - INFO - ------------------Test Statistics---------------------
2025-05-19 14:32:41,672 - INFO - Top-1 Accuracy: 69.34%
2025-05-19 14:32:41,672 - INFO - Top-5 Accuracy: 82.23%
2025-05-19 14:32:41,673 - INFO - [Dropout Run 7] Starting
2025-05-19 14:32:42,691 - INFO - Training on device: cuda
2025-05-19 14:48:34,019 - INFO - [Dropout Run 7] Training time: 952.35s
2025-05-19 14:48:34,264 - INFO - ------------------Test Statistics---------------------
2025-05-19 14:48:34,264 - INFO - Top-1 Accuracy: 58.86%
2025-05-19 14:48:34,264 - INFO - Top-5 Accuracy: 72.65%
2025-05-19 14:48:34,270 - INFO - ------------------Test Statistics---------------------
2025-05-19 14:48:34,270 - INFO - Top-1 Accuracy: 11.22%
2025-05-19 14:48:34,270 - INFO - Top-5 Accuracy: 20.45%
2025-05-19 14:48:34,502 - INFO - ------------------Test Statistics---------------------
2025-05-19 14:48:34,502 - INFO - Top-1 Accuracy: 0.00%
2025-05-19 14:48:34,502 - INFO - Top-5 Accuracy: 14.21%
2025-05-19 14:48:34,503 - INFO - Nuts
2025-05-19 14:48:34,706 - INFO - ------------------Test Statistics---------------------
2025-05-19 14:48:34,706 - INFO - Top-1 Accuracy: 86.16%
2025-05-19 14:48:34,706 - INFO - Top-5 Accuracy: 100.00%
2025-05-19 14:48:34,707 - INFO - Spices
2025-05-19 14:48:34,903 - INFO - ------------------Test Statistics---------------------
2025-05-19 14:48:34,904 - INFO - Top-1 Accuracy: 35.62%
2025-05-19 14:48:34,904 - INFO - Top-5 Accuracy: 60.39%
2025-05-19 14:48:34,904 - INFO - Herbs
2025-05-19 14:48:35,104 - INFO - ------------------Test Statistics---------------------
2025-05-19 14:48:35,104 - INFO - Top-1 Accuracy: 46.16%
2025-05-19 14:48:35,104 - INFO - Top-5 Accuracy: 47.91%
2025-05-19 14:48:35,105 - INFO - Fruits
2025-05-19 14:48:35,302 - INFO - ------------------Test Statistics---------------------
2025-05-19 14:48:35,303 - INFO - Top-1 Accuracy: 60.43%
2025-05-19 14:48:35,303 - INFO - Top-5 Accuracy: 70.81%
2025-05-19 14:48:35,303 - INFO - Vegetables
2025-05-19 14:48:35,510 - INFO - ------------------Test Statistics---------------------
2025-05-19 14:48:35,510 - INFO - Top-1 Accuracy: 63.82%
2025-05-19 14:48:35,510 - INFO - Top-5 Accuracy: 82.22%
2025-05-19 14:48:35,512 - INFO - [Dropout Run 8] Starting
2025-05-19 14:48:36,536 - INFO - Training on device: cuda
2025-05-19 15:01:02,441 - INFO - [Dropout Run 8] Training time: 746.93s
2025-05-19 15:01:02,677 - INFO - ------------------Test Statistics---------------------
2025-05-19 15:01:02,678 - INFO - Top-1 Accuracy: 53.66%
2025-05-19 15:01:02,678 - INFO - Top-5 Accuracy: 74.71%
2025-05-19 15:01:02,680 - INFO - ------------------Test Statistics---------------------
2025-05-19 15:01:02,680 - INFO - Top-1 Accuracy: 6.17%
2025-05-19 15:01:02,680 - INFO - Top-5 Accuracy: 22.52%
2025-05-19 15:01:02,907 - INFO - ------------------Test Statistics---------------------
2025-05-19 15:01:02,907 - INFO - Top-1 Accuracy: 5.33%
2025-05-19 15:01:02,907 - INFO - Top-5 Accuracy: 19.67%
2025-05-19 15:01:02,907 - INFO - Nuts
2025-05-19 15:01:03,107 - INFO - ------------------Test Statistics---------------------
2025-05-19 15:01:03,107 - INFO - Top-1 Accuracy: 63.77%
2025-05-19 15:01:03,107 - INFO - Top-5 Accuracy: 100.00%
2025-05-19 15:01:03,107 - INFO - Spices
2025-05-19 15:01:03,310 - INFO - ------------------Test Statistics---------------------
2025-05-19 15:01:03,310 - INFO - Top-1 Accuracy: 36.24%
2025-05-19 15:01:03,310 - INFO - Top-5 Accuracy: 60.26%
2025-05-19 15:01:03,310 - INFO - Herbs
2025-05-19 15:01:03,514 - INFO - ------------------Test Statistics---------------------
2025-05-19 15:01:03,514 - INFO - Top-1 Accuracy: 46.76%
2025-05-19 15:01:03,514 - INFO - Top-5 Accuracy: 58.43%
2025-05-19 15:01:03,515 - INFO - Fruits
2025-05-19 15:01:03,715 - INFO - ------------------Test Statistics---------------------
2025-05-19 15:01:03,715 - INFO - Top-1 Accuracy: 43.83%
2025-05-19 15:01:03,715 - INFO - Top-5 Accuracy: 70.81%
2025-05-19 15:01:03,715 - INFO - Vegetables
2025-05-19 15:01:03,914 - INFO - ------------------Test Statistics---------------------
2025-05-19 15:01:03,914 - INFO - Top-1 Accuracy: 76.95%
2025-05-19 15:01:03,914 - INFO - Top-5 Accuracy: 82.22%
2025-05-19 15:01:03,916 - INFO - [Dropout Run 9] Starting
2025-05-19 15:01:04,949 - INFO - Training on device: cuda
2025-05-19 15:13:21,060 - INFO - [Dropout Run 9] Training time: 737.14s
2025-05-19 15:13:21,296 - INFO - ------------------Test Statistics---------------------
2025-05-19 15:13:21,296 - INFO - Top-1 Accuracy: 55.63%
2025-05-19 15:13:21,296 - INFO - Top-5 Accuracy: 72.84%
2025-05-19 15:13:21,298 - INFO - ------------------Test Statistics---------------------
2025-05-19 15:13:21,298 - INFO - Top-1 Accuracy: 5.53%
2025-05-19 15:13:21,298 - INFO - Top-5 Accuracy: 25.85%
2025-05-19 15:13:21,521 - INFO - ------------------Test Statistics---------------------
2025-05-19 15:13:21,521 - INFO - Top-1 Accuracy: 0.78%
2025-05-19 15:13:21,521 - INFO - Top-5 Accuracy: 23.41%
2025-05-19 15:13:21,521 - INFO - Nuts
2025-05-19 15:13:21,722 - INFO - ------------------Test Statistics---------------------
2025-05-19 15:13:21,722 - INFO - Top-1 Accuracy: 53.68%
2025-05-19 15:13:21,722 - INFO - Top-5 Accuracy: 100.00%
2025-05-19 15:13:21,722 - INFO - Spices
2025-05-19 15:13:21,922 - INFO - ------------------Test Statistics---------------------
2025-05-19 15:13:21,922 - INFO - Top-1 Accuracy: 41.56%
2025-05-19 15:13:21,922 - INFO - Top-5 Accuracy: 51.87%
2025-05-19 15:13:21,922 - INFO - Herbs
2025-05-19 15:13:22,127 - INFO - ------------------Test Statistics---------------------
2025-05-19 15:13:22,127 - INFO - Top-1 Accuracy: 45.62%
2025-05-19 15:13:22,127 - INFO - Top-5 Accuracy: 67.59%
2025-05-19 15:13:22,128 - INFO - Fruits
2025-05-19 15:13:22,324 - INFO - ------------------Test Statistics---------------------
2025-05-19 15:13:22,324 - INFO - Top-1 Accuracy: 60.14%
2025-05-19 15:13:22,324 - INFO - Top-5 Accuracy: 60.43%
2025-05-19 15:13:22,324 - INFO - Vegetables
2025-05-19 15:13:22,530 - INFO - ------------------Test Statistics---------------------
2025-05-19 15:13:22,530 - INFO - Top-1 Accuracy: 77.30%
2025-05-19 15:13:22,530 - INFO - Top-5 Accuracy: 82.22%
2025-05-19 15:13:22,532 - INFO - [Dropout Run 10] Starting
2025-05-19 15:13:23,558 - INFO - Training on device: cuda
2025-05-19 15:25:33,248 - INFO - [Dropout Run 10] Training time: 730.72s
2025-05-19 15:25:33,495 - INFO - ------------------Test Statistics---------------------
2025-05-19 15:25:33,495 - INFO - Top-1 Accuracy: 59.37%
2025-05-19 15:25:33,495 - INFO - Top-5 Accuracy: 73.15%
2025-05-19 15:25:33,499 - INFO - ------------------Test Statistics---------------------
2025-05-19 15:25:33,499 - INFO - Top-1 Accuracy: 5.47%
2025-05-19 15:25:33,499 - INFO - Top-5 Accuracy: 21.77%
2025-05-19 15:25:33,721 - INFO - ------------------Test Statistics---------------------
2025-05-19 15:25:33,721 - INFO - Top-1 Accuracy: 1.40%
2025-05-19 15:25:33,721 - INFO - Top-5 Accuracy: 23.70%
2025-05-19 15:25:33,721 - INFO - Nuts
2025-05-19 15:25:33,925 - INFO - ------------------Test Statistics---------------------
2025-05-19 15:25:33,925 - INFO - Top-1 Accuracy: 87.97%
2025-05-19 15:25:33,925 - INFO - Top-5 Accuracy: 100.00%
2025-05-19 15:25:33,926 - INFO - Spices
2025-05-19 15:25:34,129 - INFO - ------------------Test Statistics---------------------
2025-05-19 15:25:34,129 - INFO - Top-1 Accuracy: 41.49%
2025-05-19 15:25:34,129 - INFO - Top-5 Accuracy: 50.99%
2025-05-19 15:25:34,129 - INFO - Herbs
2025-05-19 15:25:34,334 - INFO - ------------------Test Statistics---------------------
2025-05-19 15:25:34,334 - INFO - Top-1 Accuracy: 48.71%
2025-05-19 15:25:34,334 - INFO - Top-5 Accuracy: 68.63%
2025-05-19 15:25:34,334 - INFO - Fruits
2025-05-19 15:25:34,533 - INFO - ------------------Test Statistics---------------------
2025-05-19 15:25:34,533 - INFO - Top-1 Accuracy: 47.81%
2025-05-19 15:25:34,533 - INFO - Top-5 Accuracy: 61.94%
2025-05-19 15:25:34,533 - INFO - Vegetables
2025-05-19 15:25:34,734 - INFO - ------------------Test Statistics---------------------
2025-05-19 15:25:34,734 - INFO - Top-1 Accuracy: 68.72%
2025-05-19 15:25:34,734 - INFO - Top-5 Accuracy: 82.11%
2025-05-19 15:25:34,735 - INFO - ------------------------------------Noisy-------------------------------------------
2025-05-19 15:25:34,736 - INFO - [Noisy Run 1] Starting
2025-05-19 15:25:35,762 - INFO - Training on device: cuda
2025-05-19 15:37:21,442 - INFO - [Noisy Run 1] Training time: 706.71s
2025-05-19 15:37:21,679 - INFO - ------------------Test Statistics---------------------
2025-05-19 15:37:21,679 - INFO - Top-1 Accuracy: 60.25%
2025-05-19 15:37:21,679 - INFO - Top-5 Accuracy: 75.00%
2025-05-19 15:37:21,681 - INFO - ------------------Test Statistics---------------------
2025-05-19 15:37:21,681 - INFO - Top-1 Accuracy: 6.10%
2025-05-19 15:37:21,681 - INFO - Top-5 Accuracy: 28.45%
2025-05-19 15:37:21,908 - INFO - ------------------Test Statistics---------------------
2025-05-19 15:37:21,908 - INFO - Top-1 Accuracy: 1.94%
2025-05-19 15:37:21,908 - INFO - Top-5 Accuracy: 9.10%
2025-05-19 15:37:21,908 - INFO - Nuts
2025-05-19 15:37:22,112 - INFO - ------------------Test Statistics---------------------
2025-05-19 15:37:22,113 - INFO - Top-1 Accuracy: 92.89%
2025-05-19 15:37:22,113 - INFO - Top-5 Accuracy: 100.00%
2025-05-19 15:37:22,113 - INFO - Spices
2025-05-19 15:37:22,310 - INFO - ------------------Test Statistics---------------------
2025-05-19 15:37:22,310 - INFO - Top-1 Accuracy: 39.52%
2025-05-19 15:37:22,310 - INFO - Top-5 Accuracy: 51.02%
2025-05-19 15:37:22,311 - INFO - Herbs
2025-05-19 15:37:22,516 - INFO - ------------------Test Statistics---------------------
2025-05-19 15:37:22,516 - INFO - Top-1 Accuracy: 37.12%
2025-05-19 15:37:22,516 - INFO - Top-5 Accuracy: 61.09%
2025-05-19 15:37:22,517 - INFO - Fruits
2025-05-19 15:37:22,712 - INFO - ------------------Test Statistics---------------------
2025-05-19 15:37:22,713 - INFO - Top-1 Accuracy: 56.07%
2025-05-19 15:37:22,713 - INFO - Top-5 Accuracy: 78.74%
2025-05-19 15:37:22,713 - INFO - Vegetables
2025-05-19 15:37:22,911 - INFO - ------------------Test Statistics---------------------
2025-05-19 15:37:22,912 - INFO - Top-1 Accuracy: 73.27%
2025-05-19 15:37:22,912 - INFO - Top-5 Accuracy: 82.23%
2025-05-19 15:37:22,913 - INFO - [Noisy Run 2] Starting
2025-05-19 15:37:23,922 - INFO - Training on device: cuda
2025-05-19 15:49:25,558 - INFO - [Noisy Run 2] Training time: 722.64s
2025-05-19 15:49:25,794 - INFO - ------------------Test Statistics---------------------
2025-05-19 15:49:25,794 - INFO - Top-1 Accuracy: 61.27%
2025-05-19 15:49:25,794 - INFO - Top-5 Accuracy: 75.93%
2025-05-19 15:49:25,796 - INFO - ------------------Test Statistics---------------------
2025-05-19 15:49:25,796 - INFO - Top-1 Accuracy: 7.12%
2025-05-19 15:49:25,796 - INFO - Top-5 Accuracy: 26.29%
2025-05-19 15:49:26,023 - INFO - ------------------Test Statistics---------------------
2025-05-19 15:49:26,023 - INFO - Top-1 Accuracy: 5.27%
2025-05-19 15:49:26,024 - INFO - Top-5 Accuracy: 30.42%
2025-05-19 15:49:26,024 - INFO - Nuts
2025-05-19 15:49:26,224 - INFO - ------------------Test Statistics---------------------
2025-05-19 15:49:26,224 - INFO - Top-1 Accuracy: 91.48%
2025-05-19 15:49:26,224 - INFO - Top-5 Accuracy: 100.00%
2025-05-19 15:49:26,225 - INFO - Spices
2025-05-19 15:49:26,422 - INFO - ------------------Test Statistics---------------------
2025-05-19 15:49:26,422 - INFO - Top-1 Accuracy: 40.34%
2025-05-19 15:49:26,422 - INFO - Top-5 Accuracy: 52.36%
2025-05-19 15:49:26,422 - INFO - Herbs
2025-05-19 15:49:26,627 - INFO - ------------------Test Statistics---------------------
2025-05-19 15:49:26,627 - INFO - Top-1 Accuracy: 37.37%
2025-05-19 15:49:26,628 - INFO - Top-5 Accuracy: 71.41%
2025-05-19 15:49:26,628 - INFO - Fruits
2025-05-19 15:49:26,831 - INFO - ------------------Test Statistics---------------------
2025-05-19 15:49:26,831 - INFO - Top-1 Accuracy: 57.23%
2025-05-19 15:49:26,831 - INFO - Top-5 Accuracy: 71.77%
2025-05-19 15:49:26,831 - INFO - Vegetables
2025-05-19 15:49:27,030 - INFO - ------------------Test Statistics---------------------
2025-05-19 15:49:27,030 - INFO - Top-1 Accuracy: 77.74%
2025-05-19 15:49:27,030 - INFO - Top-5 Accuracy: 82.22%
2025-05-19 15:49:27,032 - INFO - [Noisy Run 3] Starting
2025-05-19 15:49:28,057 - INFO - Training on device: cuda
2025-05-19 16:01:26,783 - INFO - [Noisy Run 3] Training time: 719.75s
2025-05-19 16:01:27,029 - INFO - ------------------Test Statistics---------------------
2025-05-19 16:01:27,029 - INFO - Top-1 Accuracy: 58.35%
2025-05-19 16:01:27,029 - INFO - Top-5 Accuracy: 75.62%
2025-05-19 16:01:27,036 - INFO - ------------------Test Statistics---------------------
2025-05-19 16:01:27,036 - INFO - Top-1 Accuracy: 6.42%
2025-05-19 16:01:27,036 - INFO - Top-5 Accuracy: 16.56%
2025-05-19 16:01:27,260 - INFO - ------------------Test Statistics---------------------
2025-05-19 16:01:27,260 - INFO - Top-1 Accuracy: 4.63%
2025-05-19 16:01:27,261 - INFO - Top-5 Accuracy: 23.82%
2025-05-19 16:01:27,261 - INFO - Nuts
2025-05-19 16:01:27,464 - INFO - ------------------Test Statistics---------------------
2025-05-19 16:01:27,464 - INFO - Top-1 Accuracy: 76.42%
2025-05-19 16:01:27,464 - INFO - Top-5 Accuracy: 100.00%
2025-05-19 16:01:27,465 - INFO - Spices
2025-05-19 16:01:27,663 - INFO - ------------------Test Statistics---------------------
2025-05-19 16:01:27,663 - INFO - Top-1 Accuracy: 41.60%
2025-05-19 16:01:27,663 - INFO - Top-5 Accuracy: 51.84%
2025-05-19 16:01:27,663 - INFO - Herbs
2025-05-19 16:01:27,862 - INFO - ------------------Test Statistics---------------------
2025-05-19 16:01:27,862 - INFO - Top-1 Accuracy: 36.95%
2025-05-19 16:01:27,862 - INFO - Top-5 Accuracy: 70.30%
2025-05-19 16:01:27,862 - INFO - Fruits
2025-05-19 16:01:28,059 - INFO - ------------------Test Statistics---------------------
2025-05-19 16:01:28,059 - INFO - Top-1 Accuracy: 57.47%
2025-05-19 16:01:28,059 - INFO - Top-5 Accuracy: 71.80%
2025-05-19 16:01:28,060 - INFO - Vegetables
2025-05-19 16:01:28,261 - INFO - ------------------Test Statistics---------------------
2025-05-19 16:01:28,261 - INFO - Top-1 Accuracy: 78.05%
2025-05-19 16:01:28,261 - INFO - Top-5 Accuracy: 82.23%
2025-05-19 16:01:28,263 - INFO - [Noisy Run 4] Starting
2025-05-19 16:01:29,265 - INFO - Training on device: cuda
2025-05-19 16:13:26,078 - INFO - [Noisy Run 4] Training time: 717.82s
2025-05-19 16:13:26,320 - INFO - ------------------Test Statistics---------------------
2025-05-19 16:13:26,320 - INFO - Top-1 Accuracy: 61.99%
2025-05-19 16:13:26,320 - INFO - Top-5 Accuracy: 75.47%
2025-05-19 16:13:26,322 - INFO - ------------------Test Statistics---------------------
2025-05-19 16:13:26,322 - INFO - Top-1 Accuracy: 9.74%
2025-05-19 16:13:26,322 - INFO - Top-5 Accuracy: 22.58%
2025-05-19 16:13:26,549 - INFO - ------------------Test Statistics---------------------
2025-05-19 16:13:26,549 - INFO - Top-1 Accuracy: 8.39%
2025-05-19 16:13:26,549 - INFO - Top-5 Accuracy: 30.77%
2025-05-19 16:13:26,549 - INFO - Nuts
2025-05-19 16:13:26,750 - INFO - ------------------Test Statistics---------------------
2025-05-19 16:13:26,750 - INFO - Top-1 Accuracy: 97.75%
2025-05-19 16:13:26,750 - INFO - Top-5 Accuracy: 100.00%
2025-05-19 16:13:26,750 - INFO - Spices
2025-05-19 16:13:26,953 - INFO - ------------------Test Statistics---------------------
2025-05-19 16:13:26,953 - INFO - Top-1 Accuracy: 48.84%
2025-05-19 16:13:26,953 - INFO - Top-5 Accuracy: 55.53%
2025-05-19 16:13:26,954 - INFO - Herbs
2025-05-19 16:13:27,157 - INFO - ------------------Test Statistics---------------------
2025-05-19 16:13:27,157 - INFO - Top-1 Accuracy: 38.48%
2025-05-19 16:13:27,157 - INFO - Top-5 Accuracy: 67.41%
2025-05-19 16:13:27,157 - INFO - Fruits
2025-05-19 16:13:27,361 - INFO - ------------------Test Statistics---------------------
2025-05-19 16:13:27,361 - INFO - Top-1 Accuracy: 47.34%
2025-05-19 16:13:27,361 - INFO - Top-5 Accuracy: 70.29%
2025-05-19 16:13:27,361 - INFO - Vegetables
2025-05-19 16:13:27,559 - INFO - ------------------Test Statistics---------------------
2025-05-19 16:13:27,559 - INFO - Top-1 Accuracy: 74.97%
2025-05-19 16:13:27,559 - INFO - Top-5 Accuracy: 82.23%
2025-05-19 16:13:27,560 - INFO - [Noisy Run 5] Starting
2025-05-19 16:13:28,593 - INFO - Training on device: cuda
2025-05-19 16:24:58,388 - INFO - [Noisy Run 5] Training time: 690.83s
2025-05-19 16:24:58,623 - INFO - ------------------Test Statistics---------------------
2025-05-19 16:24:58,623 - INFO - Top-1 Accuracy: 63.59%
2025-05-19 16:24:58,624 - INFO - Top-5 Accuracy: 75.43%
2025-05-19 16:24:58,625 - INFO - ------------------Test Statistics---------------------
2025-05-19 16:24:58,625 - INFO - Top-1 Accuracy: 3.52%
2025-05-19 16:24:58,626 - INFO - Top-5 Accuracy: 20.97%
2025-05-19 16:24:58,861 - INFO - ------------------Test Statistics---------------------
2025-05-19 16:24:58,865 - INFO - Top-1 Accuracy: 18.10%
2025-05-19 16:24:58,865 - INFO - Top-5 Accuracy: 24.26%
2025-05-19 16:24:58,865 - INFO - Nuts
2025-05-19 16:24:59,067 - INFO - ------------------Test Statistics---------------------
2025-05-19 16:24:59,067 - INFO - Top-1 Accuracy: 98.88%
2025-05-19 16:24:59,067 - INFO - Top-5 Accuracy: 100.00%
2025-05-19 16:24:59,067 - INFO - Spices
2025-05-19 16:24:59,263 - INFO - ------------------Test Statistics---------------------
2025-05-19 16:24:59,263 - INFO - Top-1 Accuracy: 40.49%
2025-05-19 16:24:59,263 - INFO - Top-5 Accuracy: 51.04%
2025-05-19 16:24:59,263 - INFO - Herbs
2025-05-19 16:24:59,472 - INFO - ------------------Test Statistics---------------------
2025-05-19 16:24:59,472 - INFO - Top-1 Accuracy: 49.05%
2025-05-19 16:24:59,472 - INFO - Top-5 Accuracy: 70.55%
2025-05-19 16:24:59,473 - INFO - Fruits
2025-05-19 16:24:59,678 - INFO - ------------------Test Statistics---------------------
2025-05-19 16:24:59,678 - INFO - Top-1 Accuracy: 49.06%
2025-05-19 16:24:59,678 - INFO - Top-5 Accuracy: 71.42%
2025-05-19 16:24:59,678 - INFO - Vegetables
2025-05-19 16:24:59,883 - INFO - ------------------Test Statistics---------------------
2025-05-19 16:24:59,883 - INFO - Top-1 Accuracy: 77.85%
2025-05-19 16:24:59,883 - INFO - Top-5 Accuracy: 82.23%
2025-05-19 16:24:59,885 - INFO - [Noisy Run 6] Starting
2025-05-19 16:25:00,907 - INFO - Training on device: cuda
2025-05-19 16:36:56,793 - INFO - [Noisy Run 6] Training time: 716.91s
2025-05-19 16:36:57,032 - INFO - ------------------Test Statistics---------------------
2025-05-19 16:36:57,032 - INFO - Top-1 Accuracy: 61.30%
2025-05-19 16:36:57,032 - INFO - Top-5 Accuracy: 74.61%
2025-05-19 16:36:57,034 - INFO - ------------------Test Statistics---------------------
2025-05-19 16:36:57,034 - INFO - Top-1 Accuracy: 9.75%
2025-05-19 16:36:57,034 - INFO - Top-5 Accuracy: 19.90%
2025-05-19 16:36:57,260 - INFO - ------------------Test Statistics---------------------
2025-05-19 16:36:57,261 - INFO - Top-1 Accuracy: 0.01%
2025-05-19 16:36:57,261 - INFO - Top-5 Accuracy: 23.67%
2025-05-19 16:36:57,261 - INFO - Nuts
2025-05-19 16:36:57,465 - INFO - ------------------Test Statistics---------------------
2025-05-19 16:36:57,465 - INFO - Top-1 Accuracy: 88.04%
2025-05-19 16:36:57,465 - INFO - Top-5 Accuracy: 100.00%
2025-05-19 16:36:57,466 - INFO - Spices
2025-05-19 16:36:57,669 - INFO - ------------------Test Statistics---------------------
2025-05-19 16:36:57,669 - INFO - Top-1 Accuracy: 40.17%
2025-05-19 16:36:57,669 - INFO - Top-5 Accuracy: 51.04%
2025-05-19 16:36:57,670 - INFO - Herbs
2025-05-19 16:36:57,868 - INFO - ------------------Test Statistics---------------------
2025-05-19 16:36:57,868 - INFO - Top-1 Accuracy: 36.38%
2025-05-19 16:36:57,868 - INFO - Top-5 Accuracy: 75.81%
2025-05-19 16:36:57,868 - INFO - Fruits
2025-05-19 16:36:58,069 - INFO - ------------------Test Statistics---------------------
2025-05-19 16:36:58,069 - INFO - Top-1 Accuracy: 58.18%
2025-05-19 16:36:58,069 - INFO - Top-5 Accuracy: 61.94%
2025-05-19 16:36:58,069 - INFO - Vegetables
2025-05-19 16:36:58,267 - INFO - ------------------Test Statistics---------------------
2025-05-19 16:36:58,267 - INFO - Top-1 Accuracy: 81.79%
2025-05-19 16:36:58,267 - INFO - Top-5 Accuracy: 82.23%
2025-05-19 16:36:58,269 - INFO - [Noisy Run 7] Starting
2025-05-19 16:36:59,294 - INFO - Training on device: cuda
2025-05-19 16:48:28,663 - INFO - [Noisy Run 7] Training time: 690.39s
2025-05-19 16:48:28,902 - INFO - ------------------Test Statistics---------------------
2025-05-19 16:48:28,902 - INFO - Top-1 Accuracy: 61.89%
2025-05-19 16:48:28,902 - INFO - Top-5 Accuracy: 75.09%
2025-05-19 16:48:28,904 - INFO - ------------------Test Statistics---------------------
2025-05-19 16:48:28,904 - INFO - Top-1 Accuracy: 14.10%
2025-05-19 16:48:28,904 - INFO - Top-5 Accuracy: 26.20%
2025-05-19 16:48:29,130 - INFO - ------------------Test Statistics---------------------
2025-05-19 16:48:29,131 - INFO - Top-1 Accuracy: 0.31%
2025-05-19 16:48:29,131 - INFO - Top-5 Accuracy: 24.29%
2025-05-19 16:48:29,131 - INFO - Nuts
2025-05-19 16:48:29,331 - INFO - ------------------Test Statistics---------------------
2025-05-19 16:48:29,331 - INFO - Top-1 Accuracy: 93.72%
2025-05-19 16:48:29,331 - INFO - Top-5 Accuracy: 100.00%
2025-05-19 16:48:29,331 - INFO - Spices
2025-05-19 16:48:29,531 - INFO - ------------------Test Statistics---------------------
2025-05-19 16:48:29,531 - INFO - Top-1 Accuracy: 41.26%
2025-05-19 16:48:29,531 - INFO - Top-5 Accuracy: 50.99%
2025-05-19 16:48:29,531 - INFO - Herbs
2025-05-19 16:48:29,731 - INFO - ------------------Test Statistics---------------------
2025-05-19 16:48:29,731 - INFO - Top-1 Accuracy: 37.80%
2025-05-19 16:48:29,731 - INFO - Top-5 Accuracy: 71.59%
2025-05-19 16:48:29,731 - INFO - Fruits
2025-05-19 16:48:29,934 - INFO - ------------------Test Statistics---------------------
2025-05-19 16:48:29,934 - INFO - Top-1 Accuracy: 58.69%
2025-05-19 16:48:29,934 - INFO - Top-5 Accuracy: 68.66%
2025-05-19 16:48:29,935 - INFO - Vegetables
2025-05-19 16:48:30,135 - INFO - ------------------Test Statistics---------------------
2025-05-19 16:48:30,135 - INFO - Top-1 Accuracy: 75.66%
2025-05-19 16:48:30,135 - INFO - Top-5 Accuracy: 82.23%
2025-05-19 16:48:30,136 - INFO - [Noisy Run 8] Starting
2025-05-19 16:48:31,157 - INFO - Training on device: cuda
2025-05-19 16:59:58,858 - INFO - [Noisy Run 8] Training time: 688.72s
2025-05-19 16:59:59,108 - INFO - ------------------Test Statistics---------------------
2025-05-19 16:59:59,108 - INFO - Top-1 Accuracy: 58.08%
2025-05-19 16:59:59,108 - INFO - Top-5 Accuracy: 70.88%
2025-05-19 16:59:59,115 - INFO - ------------------Test Statistics---------------------
2025-05-19 16:59:59,115 - INFO - Top-1 Accuracy: 9.71%
2025-05-19 16:59:59,115 - INFO - Top-5 Accuracy: 17.27%
2025-05-19 16:59:59,344 - INFO - ------------------Test Statistics---------------------
2025-05-19 16:59:59,344 - INFO - Top-1 Accuracy: 5.54%
2025-05-19 16:59:59,344 - INFO - Top-5 Accuracy: 25.90%
2025-05-19 16:59:59,344 - INFO - Nuts
2025-05-19 16:59:59,554 - INFO - ------------------Test Statistics---------------------
2025-05-19 16:59:59,554 - INFO - Top-1 Accuracy: 91.01%
2025-05-19 16:59:59,555 - INFO - Top-5 Accuracy: 100.00%
2025-05-19 16:59:59,555 - INFO - Spices
2025-05-19 16:59:59,754 - INFO - ------------------Test Statistics---------------------
2025-05-19 16:59:59,754 - INFO - Top-1 Accuracy: 40.15%
2025-05-19 16:59:59,754 - INFO - Top-5 Accuracy: 50.87%
2025-05-19 16:59:59,754 - INFO - Herbs
2025-05-19 16:59:59,958 - INFO - ------------------Test Statistics---------------------
2025-05-19 16:59:59,958 - INFO - Top-1 Accuracy: 36.01%
2025-05-19 16:59:59,958 - INFO - Top-5 Accuracy: 59.15%
2025-05-19 16:59:59,959 - INFO - Fruits
2025-05-19 17:00:00,158 - INFO - ------------------Test Statistics---------------------
2025-05-19 17:00:00,158 - INFO - Top-1 Accuracy: 47.17%
2025-05-19 17:00:00,158 - INFO - Top-5 Accuracy: 59.97%
2025-05-19 17:00:00,158 - INFO - Vegetables
2025-05-19 17:00:00,359 - INFO - ------------------Test Statistics---------------------
2025-05-19 17:00:00,359 - INFO - Top-1 Accuracy: 73.68%
2025-05-19 17:00:00,359 - INFO - Top-5 Accuracy: 82.23%
2025-05-19 17:00:00,361 - INFO - [Noisy Run 9] Starting
2025-05-19 17:00:01,369 - INFO - Training on device: cuda
2025-05-19 17:11:41,430 - INFO - [Noisy Run 9] Training time: 701.07s
2025-05-19 17:11:41,676 - INFO - ------------------Test Statistics---------------------
2025-05-19 17:11:41,676 - INFO - Top-1 Accuracy: 60.55%
2025-05-19 17:11:41,676 - INFO - Top-5 Accuracy: 75.03%
2025-05-19 17:11:41,681 - INFO - ------------------Test Statistics---------------------
2025-05-19 17:11:41,681 - INFO - Top-1 Accuracy: 6.26%
2025-05-19 17:11:41,681 - INFO - Top-5 Accuracy: 12.56%
2025-05-19 17:11:41,906 - INFO - ------------------Test Statistics---------------------
2025-05-19 17:11:41,906 - INFO - Top-1 Accuracy: 11.86%
2025-05-19 17:11:41,906 - INFO - Top-5 Accuracy: 32.22%
2025-05-19 17:11:41,906 - INFO - Nuts
2025-05-19 17:11:42,107 - INFO - ------------------Test Statistics---------------------
2025-05-19 17:11:42,107 - INFO - Top-1 Accuracy: 87.53%
2025-05-19 17:11:42,107 - INFO - Top-5 Accuracy: 99.98%
2025-05-19 17:11:42,107 - INFO - Spices
2025-05-19 17:11:42,307 - INFO - ------------------Test Statistics---------------------
2025-05-19 17:11:42,307 - INFO - Top-1 Accuracy: 49.97%
2025-05-19 17:11:42,307 - INFO - Top-5 Accuracy: 60.29%
2025-05-19 17:11:42,308 - INFO - Herbs
2025-05-19 17:11:42,513 - INFO - ------------------Test Statistics---------------------
2025-05-19 17:11:42,513 - INFO - Top-1 Accuracy: 38.11%
2025-05-19 17:11:42,513 - INFO - Top-5 Accuracy: 59.12%
2025-05-19 17:11:42,514 - INFO - Fruits
2025-05-19 17:11:42,714 - INFO - ------------------Test Statistics---------------------
2025-05-19 17:11:42,714 - INFO - Top-1 Accuracy: 44.39%
2025-05-19 17:11:42,714 - INFO - Top-5 Accuracy: 71.69%
2025-05-19 17:11:42,715 - INFO - Vegetables
2025-05-19 17:11:42,913 - INFO - ------------------Test Statistics---------------------
2025-05-19 17:11:42,914 - INFO - Top-1 Accuracy: 80.86%
2025-05-19 17:11:42,914 - INFO - Top-5 Accuracy: 82.23%
2025-05-19 17:11:42,915 - INFO - [Noisy Run 10] Starting
2025-05-19 17:11:43,942 - INFO - Training on device: cuda
2025-05-19 17:23:11,280 - INFO - [Noisy Run 10] Training time: 688.36s
2025-05-19 17:23:11,510 - INFO - ------------------Test Statistics---------------------
2025-05-19 17:23:11,510 - INFO - Top-1 Accuracy: 62.91%
2025-05-19 17:23:11,510 - INFO - Top-5 Accuracy: 73.79%
2025-05-19 17:23:11,512 - INFO - ------------------Test Statistics---------------------
2025-05-19 17:23:11,512 - INFO - Top-1 Accuracy: 7.54%
2025-05-19 17:23:11,512 - INFO - Top-5 Accuracy: 18.18%
2025-05-19 17:23:11,733 - INFO - ------------------Test Statistics---------------------
2025-05-19 17:23:11,733 - INFO - Top-1 Accuracy: 1.95%
2025-05-19 17:23:11,733 - INFO - Top-5 Accuracy: 25.26%
2025-05-19 17:23:11,733 - INFO - Nuts
2025-05-19 17:23:11,940 - INFO - ------------------Test Statistics---------------------
2025-05-19 17:23:11,940 - INFO - Top-1 Accuracy: 93.44%
2025-05-19 17:23:11,940 - INFO - Top-5 Accuracy: 100.00%
2025-05-19 17:23:11,941 - INFO - Spices
2025-05-19 17:23:12,149 - INFO - ------------------Test Statistics---------------------
2025-05-19 17:23:12,149 - INFO - Top-1 Accuracy: 39.74%
2025-05-19 17:23:12,149 - INFO - Top-5 Accuracy: 60.53%
2025-05-19 17:23:12,150 - INFO - Herbs
2025-05-19 17:23:12,355 - INFO - ------------------Test Statistics---------------------
2025-05-19 17:23:12,355 - INFO - Top-1 Accuracy: 37.80%
2025-05-19 17:23:12,355 - INFO - Top-5 Accuracy: 53.49%
2025-05-19 17:23:12,356 - INFO - Fruits
2025-05-19 17:23:12,560 - INFO - ------------------Test Statistics---------------------
2025-05-19 17:23:12,560 - INFO - Top-1 Accuracy: 60.24%
2025-05-19 17:23:12,560 - INFO - Top-5 Accuracy: 70.81%
2025-05-19 17:23:12,561 - INFO - Vegetables
2025-05-19 17:23:12,768 - INFO - ------------------Test Statistics---------------------
2025-05-19 17:23:12,768 - INFO - Top-1 Accuracy: 81.11%
2025-05-19 17:23:12,768 - INFO - Top-5 Accuracy: 82.23%
