2025-05-19 18:49:23,296 - INFO - ------------------------------------Gradient Period 25-------------------------------------------
2025-05-19 18:49:23,297 - INFO - [Gradient Period 25 Run 1] Starting
2025-05-19 18:49:24,124 - INFO - Training on device: cuda
2025-05-19 19:00:24,435 - INFO - [Gradient Period 25 Run 1] Training time: 661.14s
2025-05-19 19:00:24,748 - INFO - ------------------Test Statistics---------------------
2025-05-19 19:00:24,748 - INFO - Top-1 Accuracy: 38.72%
2025-05-19 19:00:24,748 - INFO - Top-5 Accuracy: 82.76%
2025-05-19 19:00:24,755 - INFO - ------------------Test Statistics---------------------
2025-05-19 19:00:24,755 - INFO - Top-1 Accuracy: 10.40%
2025-05-19 19:00:24,755 - INFO - Top-5 Accuracy: 35.91%
2025-05-19 19:00:24,997 - INFO - ------------------Test Statistics---------------------
2025-05-19 19:00:24,997 - INFO - Top-1 Accuracy: 21.17%
2025-05-19 19:00:24,997 - INFO - Top-5 Accuracy: 60.46%
2025-05-19 19:00:24,998 - INFO - Nuts
2025-05-19 19:00:25,206 - INFO - ------------------Test Statistics---------------------
2025-05-19 19:00:25,207 - INFO - Top-1 Accuracy: 35.50%
2025-05-19 19:00:25,207 - INFO - Top-5 Accuracy: 80.57%
2025-05-19 19:00:25,207 - INFO - Spices
2025-05-19 19:00:25,411 - INFO - ------------------Test Statistics---------------------
2025-05-19 19:00:25,411 - INFO - Top-1 Accuracy: 39.54%
2025-05-19 19:00:25,411 - INFO - Top-5 Accuracy: 84.29%
2025-05-19 19:00:25,412 - INFO - Herbs
2025-05-19 19:00:25,620 - INFO - ------------------Test Statistics---------------------
2025-05-19 19:00:25,620 - INFO - Top-1 Accuracy: 42.37%
2025-05-19 19:00:25,620 - INFO - Top-5 Accuracy: 82.49%
2025-05-19 19:00:25,620 - INFO - Fruits
2025-05-19 19:00:25,826 - INFO - ------------------Test Statistics---------------------
2025-05-19 19:00:25,826 - INFO - Top-1 Accuracy: 46.71%
2025-05-19 19:00:25,826 - INFO - Top-5 Accuracy: 86.96%
2025-05-19 19:00:25,827 - INFO - Vegetables
2025-05-19 19:00:26,036 - INFO - ------------------Test Statistics---------------------
2025-05-19 19:00:26,036 - INFO - Top-1 Accuracy: 29.69%
2025-05-19 19:00:26,036 - INFO - Top-5 Accuracy: 79.69%
2025-05-19 19:00:26,038 - INFO - [Gradient Period 25 Run 2] Starting
2025-05-19 19:00:26,737 - INFO - Training on device: cuda
2025-05-19 19:11:29,811 - INFO - [Gradient Period 25 Run 2] Training time: 663.77s
2025-05-19 19:11:30,079 - INFO - ------------------Test Statistics---------------------
2025-05-19 19:11:30,079 - INFO - Top-1 Accuracy: 37.31%
2025-05-19 19:11:30,079 - INFO - Top-5 Accuracy: 82.29%
2025-05-19 19:11:30,082 - INFO - ------------------Test Statistics---------------------
2025-05-19 19:11:30,082 - INFO - Top-1 Accuracy: 7.83%
2025-05-19 19:11:30,082 - INFO - Top-5 Accuracy: 34.13%
2025-05-19 19:11:30,316 - INFO - ------------------Test Statistics---------------------
2025-05-19 19:11:30,316 - INFO - Top-1 Accuracy: 19.38%
2025-05-19 19:11:30,317 - INFO - Top-5 Accuracy: 60.65%
2025-05-19 19:11:30,317 - INFO - Nuts
2025-05-19 19:11:30,523 - INFO - ------------------Test Statistics---------------------
2025-05-19 19:11:30,524 - INFO - Top-1 Accuracy: 29.88%
2025-05-19 19:11:30,524 - INFO - Top-5 Accuracy: 78.32%
2025-05-19 19:11:30,524 - INFO - Spices
2025-05-19 19:11:30,724 - INFO - ------------------Test Statistics---------------------
2025-05-19 19:11:30,724 - INFO - Top-1 Accuracy: 48.77%
2025-05-19 19:11:30,724 - INFO - Top-5 Accuracy: 86.44%
2025-05-19 19:11:30,724 - INFO - Herbs
2025-05-19 19:11:31,053 - INFO - ------------------Test Statistics---------------------
2025-05-19 19:11:31,053 - INFO - Top-1 Accuracy: 37.30%
2025-05-19 19:11:31,053 - INFO - Top-5 Accuracy: 81.85%
2025-05-19 19:11:31,053 - INFO - Fruits
2025-05-19 19:11:31,260 - INFO - ------------------Test Statistics---------------------
2025-05-19 19:11:31,260 - INFO - Top-1 Accuracy: 44.92%
2025-05-19 19:11:31,260 - INFO - Top-5 Accuracy: 86.47%
2025-05-19 19:11:31,261 - INFO - Vegetables
2025-05-19 19:11:31,472 - INFO - ------------------Test Statistics---------------------
2025-05-19 19:11:31,472 - INFO - Top-1 Accuracy: 26.23%
2025-05-19 19:11:31,472 - INFO - Top-5 Accuracy: 78.66%
2025-05-19 19:11:31,475 - INFO - [Gradient Period 25 Run 3] Starting
2025-05-19 19:11:32,173 - INFO - Training on device: cuda
2025-05-19 19:22:09,565 - INFO - [Gradient Period 25 Run 3] Training time: 638.09s
2025-05-19 19:22:09,830 - INFO - ------------------Test Statistics---------------------
2025-05-19 19:22:09,831 - INFO - Top-1 Accuracy: 38.65%
2025-05-19 19:22:09,831 - INFO - Top-5 Accuracy: 82.65%
2025-05-19 19:22:09,833 - INFO - ------------------Test Statistics---------------------
2025-05-19 19:22:09,833 - INFO - Top-1 Accuracy: 8.22%
2025-05-19 19:22:09,833 - INFO - Top-5 Accuracy: 38.16%
2025-05-19 19:22:10,067 - INFO - ------------------Test Statistics---------------------
2025-05-19 19:22:10,067 - INFO - Top-1 Accuracy: 19.13%
2025-05-19 19:22:10,067 - INFO - Top-5 Accuracy: 58.72%
2025-05-19 19:22:10,068 - INFO - Nuts
2025-05-19 19:22:10,274 - INFO - ------------------Test Statistics---------------------
2025-05-19 19:22:10,274 - INFO - Top-1 Accuracy: 35.40%
2025-05-19 19:22:10,274 - INFO - Top-5 Accuracy: 81.10%
2025-05-19 19:22:10,274 - INFO - Spices
2025-05-19 19:22:10,477 - INFO - ------------------Test Statistics---------------------
2025-05-19 19:22:10,477 - INFO - Top-1 Accuracy: 45.56%
2025-05-19 19:22:10,477 - INFO - Top-5 Accuracy: 83.49%
2025-05-19 19:22:10,478 - INFO - Herbs
2025-05-19 19:22:10,689 - INFO - ------------------Test Statistics---------------------
2025-05-19 19:22:10,689 - INFO - Top-1 Accuracy: 40.93%
2025-05-19 19:22:10,689 - INFO - Top-5 Accuracy: 83.38%
2025-05-19 19:22:10,690 - INFO - Fruits
2025-05-19 19:22:10,893 - INFO - ------------------Test Statistics---------------------
2025-05-19 19:22:10,893 - INFO - Top-1 Accuracy: 45.47%
2025-05-19 19:22:10,893 - INFO - Top-5 Accuracy: 85.62%
2025-05-19 19:22:10,894 - INFO - Vegetables
2025-05-19 19:22:11,108 - INFO - ------------------Test Statistics---------------------
2025-05-19 19:22:11,108 - INFO - Top-1 Accuracy: 26.12%
2025-05-19 19:22:11,108 - INFO - Top-5 Accuracy: 79.76%
2025-05-19 19:22:11,110 - INFO - [Gradient Period 25 Run 4] Starting
2025-05-19 19:22:11,807 - INFO - Training on device: cuda
2025-05-19 19:32:30,109 - INFO - [Gradient Period 25 Run 4] Training time: 619.00s
2025-05-19 19:32:30,377 - INFO - ------------------Test Statistics---------------------
2025-05-19 19:32:30,377 - INFO - Top-1 Accuracy: 38.25%
2025-05-19 19:32:30,377 - INFO - Top-5 Accuracy: 82.62%
2025-05-19 19:32:30,380 - INFO - ------------------Test Statistics---------------------
2025-05-19 19:32:30,380 - INFO - Top-1 Accuracy: 9.12%
2025-05-19 19:32:30,380 - INFO - Top-5 Accuracy: 37.96%
2025-05-19 19:32:30,613 - INFO - ------------------Test Statistics---------------------
2025-05-19 19:32:30,613 - INFO - Top-1 Accuracy: 16.69%
2025-05-19 19:32:30,613 - INFO - Top-5 Accuracy: 58.76%
2025-05-19 19:32:30,613 - INFO - Nuts
2025-05-19 19:32:30,821 - INFO - ------------------Test Statistics---------------------
2025-05-19 19:32:30,821 - INFO - Top-1 Accuracy: 35.21%
2025-05-19 19:32:30,821 - INFO - Top-5 Accuracy: 80.76%
2025-05-19 19:32:30,821 - INFO - Spices
2025-05-19 19:32:31,030 - INFO - ------------------Test Statistics---------------------
2025-05-19 19:32:31,030 - INFO - Top-1 Accuracy: 41.99%
2025-05-19 19:32:31,030 - INFO - Top-5 Accuracy: 85.08%
2025-05-19 19:32:31,031 - INFO - Herbs
2025-05-19 19:32:31,241 - INFO - ------------------Test Statistics---------------------
2025-05-19 19:32:31,241 - INFO - Top-1 Accuracy: 39.97%
2025-05-19 19:32:31,241 - INFO - Top-5 Accuracy: 81.58%
2025-05-19 19:32:31,241 - INFO - Fruits
2025-05-19 19:32:31,450 - INFO - ------------------Test Statistics---------------------
2025-05-19 19:32:31,450 - INFO - Top-1 Accuracy: 44.02%
2025-05-19 19:32:31,450 - INFO - Top-5 Accuracy: 85.16%
2025-05-19 19:32:31,450 - INFO - Vegetables
2025-05-19 19:32:31,659 - INFO - ------------------Test Statistics---------------------
2025-05-19 19:32:31,659 - INFO - Top-1 Accuracy: 30.30%
2025-05-19 19:32:31,659 - INFO - Top-5 Accuracy: 80.67%
2025-05-19 19:32:31,660 - INFO - [Gradient Period 25 Run 5] Starting
2025-05-19 19:32:32,358 - INFO - Training on device: cuda
2025-05-19 19:43:25,445 - INFO - [Gradient Period 25 Run 5] Training time: 653.78s
2025-05-19 19:43:25,711 - INFO - ------------------Test Statistics---------------------
2025-05-19 19:43:25,711 - INFO - Top-1 Accuracy: 37.46%
2025-05-19 19:43:25,711 - INFO - Top-5 Accuracy: 82.59%
2025-05-19 19:43:25,713 - INFO - ------------------Test Statistics---------------------
2025-05-19 19:43:25,713 - INFO - Top-1 Accuracy: 9.03%
2025-05-19 19:43:25,713 - INFO - Top-5 Accuracy: 37.12%
2025-05-19 19:43:25,946 - INFO - ------------------Test Statistics---------------------
2025-05-19 19:43:25,946 - INFO - Top-1 Accuracy: 19.51%
2025-05-19 19:43:25,946 - INFO - Top-5 Accuracy: 58.66%
2025-05-19 19:43:25,946 - INFO - Nuts
2025-05-19 19:43:26,156 - INFO - ------------------Test Statistics---------------------
2025-05-19 19:43:26,157 - INFO - Top-1 Accuracy: 33.61%
2025-05-19 19:43:26,157 - INFO - Top-5 Accuracy: 81.31%
2025-05-19 19:43:26,157 - INFO - Spices
2025-05-19 19:43:26,361 - INFO - ------------------Test Statistics---------------------
2025-05-19 19:43:26,361 - INFO - Top-1 Accuracy: 44.92%
2025-05-19 19:43:26,361 - INFO - Top-5 Accuracy: 85.37%
2025-05-19 19:43:26,361 - INFO - Herbs
2025-05-19 19:43:26,568 - INFO - ------------------Test Statistics---------------------
2025-05-19 19:43:26,568 - INFO - Top-1 Accuracy: 35.79%
2025-05-19 19:43:26,568 - INFO - Top-5 Accuracy: 80.85%
2025-05-19 19:43:26,569 - INFO - Fruits
2025-05-19 19:43:26,773 - INFO - ------------------Test Statistics---------------------
2025-05-19 19:43:26,773 - INFO - Top-1 Accuracy: 44.35%
2025-05-19 19:43:26,773 - INFO - Top-5 Accuracy: 85.03%
2025-05-19 19:43:26,773 - INFO - Vegetables
2025-05-19 19:43:26,980 - INFO - ------------------Test Statistics---------------------
2025-05-19 19:43:26,980 - INFO - Top-1 Accuracy: 28.97%
2025-05-19 19:43:26,980 - INFO - Top-5 Accuracy: 80.50%
2025-05-19 19:43:26,982 - INFO - [Gradient Period 25 Run 6] Starting
2025-05-19 19:43:27,682 - INFO - Training on device: cuda
2025-05-19 19:54:29,272 - INFO - [Gradient Period 25 Run 6] Training time: 662.29s
2025-05-19 19:54:29,539 - INFO - ------------------Test Statistics---------------------
2025-05-19 19:54:29,539 - INFO - Top-1 Accuracy: 38.34%
2025-05-19 19:54:29,539 - INFO - Top-5 Accuracy: 82.71%
2025-05-19 19:54:29,541 - INFO - ------------------Test Statistics---------------------
2025-05-19 19:54:29,541 - INFO - Top-1 Accuracy: 8.09%
2025-05-19 19:54:29,541 - INFO - Top-5 Accuracy: 35.45%
2025-05-19 19:54:29,773 - INFO - ------------------Test Statistics---------------------
2025-05-19 19:54:29,773 - INFO - Top-1 Accuracy: 18.80%
2025-05-19 19:54:29,774 - INFO - Top-5 Accuracy: 57.58%
2025-05-19 19:54:29,774 - INFO - Nuts
2025-05-19 19:54:29,982 - INFO - ------------------Test Statistics---------------------
2025-05-19 19:54:29,982 - INFO - Top-1 Accuracy: 34.67%
2025-05-19 19:54:29,982 - INFO - Top-5 Accuracy: 79.55%
2025-05-19 19:54:29,982 - INFO - Spices
2025-05-19 19:54:30,186 - INFO - ------------------Test Statistics---------------------
2025-05-19 19:54:30,186 - INFO - Top-1 Accuracy: 44.07%
2025-05-19 19:54:30,186 - INFO - Top-5 Accuracy: 85.72%
2025-05-19 19:54:30,187 - INFO - Herbs
2025-05-19 19:54:30,396 - INFO - ------------------Test Statistics---------------------
2025-05-19 19:54:30,396 - INFO - Top-1 Accuracy: 37.08%
2025-05-19 19:54:30,396 - INFO - Top-5 Accuracy: 81.65%
2025-05-19 19:54:30,397 - INFO - Fruits
2025-05-19 19:54:30,602 - INFO - ------------------Test Statistics---------------------
2025-05-19 19:54:30,602 - INFO - Top-1 Accuracy: 44.88%
2025-05-19 19:54:30,602 - INFO - Top-5 Accuracy: 85.58%
2025-05-19 19:54:30,603 - INFO - Vegetables
2025-05-19 19:54:30,809 - INFO - ------------------Test Statistics---------------------
2025-05-19 19:54:30,809 - INFO - Top-1 Accuracy: 31.27%
2025-05-19 19:54:30,809 - INFO - Top-5 Accuracy: 81.31%
2025-05-19 19:54:30,811 - INFO - [Gradient Period 25 Run 7] Starting
2025-05-19 19:54:31,504 - INFO - Training on device: cuda
2025-05-19 20:05:20,807 - INFO - [Gradient Period 25 Run 7] Training time: 650.00s
2025-05-19 20:05:21,073 - INFO - ------------------Test Statistics---------------------
2025-05-19 20:05:21,073 - INFO - Top-1 Accuracy: 37.46%
2025-05-19 20:05:21,073 - INFO - Top-5 Accuracy: 82.24%
2025-05-19 20:05:21,076 - INFO - ------------------Test Statistics---------------------
2025-05-19 20:05:21,076 - INFO - Top-1 Accuracy: 9.53%
2025-05-19 20:05:21,076 - INFO - Top-5 Accuracy: 38.82%
2025-05-19 20:05:21,309 - INFO - ------------------Test Statistics---------------------
2025-05-19 20:05:21,309 - INFO - Top-1 Accuracy: 18.67%
2025-05-19 20:05:21,309 - INFO - Top-5 Accuracy: 59.37%
2025-05-19 20:05:21,309 - INFO - Nuts
2025-05-19 20:05:21,517 - INFO - ------------------Test Statistics---------------------
2025-05-19 20:05:21,517 - INFO - Top-1 Accuracy: 36.62%
2025-05-19 20:05:21,517 - INFO - Top-5 Accuracy: 80.21%
2025-05-19 20:05:21,517 - INFO - Spices
2025-05-19 20:05:21,720 - INFO - ------------------Test Statistics---------------------
2025-05-19 20:05:21,721 - INFO - Top-1 Accuracy: 44.75%
2025-05-19 20:05:21,721 - INFO - Top-5 Accuracy: 84.01%
2025-05-19 20:05:21,721 - INFO - Herbs
2025-05-19 20:05:21,928 - INFO - ------------------Test Statistics---------------------
2025-05-19 20:05:21,928 - INFO - Top-1 Accuracy: 34.04%
2025-05-19 20:05:21,928 - INFO - Top-5 Accuracy: 81.38%
2025-05-19 20:05:21,928 - INFO - Fruits
2025-05-19 20:05:22,132 - INFO - ------------------Test Statistics---------------------
2025-05-19 20:05:22,133 - INFO - Top-1 Accuracy: 44.70%
2025-05-19 20:05:22,133 - INFO - Top-5 Accuracy: 86.23%
2025-05-19 20:05:22,133 - INFO - Vegetables
2025-05-19 20:05:22,338 - INFO - ------------------Test Statistics---------------------
2025-05-19 20:05:22,338 - INFO - Top-1 Accuracy: 27.34%
2025-05-19 20:05:22,338 - INFO - Top-5 Accuracy: 79.54%
2025-05-19 20:05:22,340 - INFO - [Gradient Period 25 Run 8] Starting
2025-05-19 20:05:23,030 - INFO - Training on device: cuda
2025-05-19 20:16:19,682 - INFO - [Gradient Period 25 Run 8] Training time: 657.34s
2025-05-19 20:16:19,948 - INFO - ------------------Test Statistics---------------------
2025-05-19 20:16:19,948 - INFO - Top-1 Accuracy: 37.92%
2025-05-19 20:16:19,949 - INFO - Top-5 Accuracy: 82.03%
2025-05-19 20:16:19,954 - INFO - ------------------Test Statistics---------------------
2025-05-19 20:16:19,954 - INFO - Top-1 Accuracy: 7.48%
2025-05-19 20:16:19,954 - INFO - Top-5 Accuracy: 33.85%
2025-05-19 20:16:20,187 - INFO - ------------------Test Statistics---------------------
2025-05-19 20:16:20,187 - INFO - Top-1 Accuracy: 22.57%
2025-05-19 20:16:20,187 - INFO - Top-5 Accuracy: 60.37%
2025-05-19 20:16:20,187 - INFO - Nuts
2025-05-19 20:16:20,397 - INFO - ------------------Test Statistics---------------------
2025-05-19 20:16:20,397 - INFO - Top-1 Accuracy: 33.23%
2025-05-19 20:16:20,397 - INFO - Top-5 Accuracy: 80.09%
2025-05-19 20:16:20,397 - INFO - Spices
2025-05-19 20:16:20,603 - INFO - ------------------Test Statistics---------------------
2025-05-19 20:16:20,603 - INFO - Top-1 Accuracy: 42.63%
2025-05-19 20:16:20,603 - INFO - Top-5 Accuracy: 84.58%
2025-05-19 20:16:20,603 - INFO - Herbs
2025-05-19 20:16:20,812 - INFO - ------------------Test Statistics---------------------
2025-05-19 20:16:20,812 - INFO - Top-1 Accuracy: 41.63%
2025-05-19 20:16:20,812 - INFO - Top-5 Accuracy: 80.29%
2025-05-19 20:16:20,812 - INFO - Fruits
2025-05-19 20:16:21,017 - INFO - ------------------Test Statistics---------------------
2025-05-19 20:16:21,017 - INFO - Top-1 Accuracy: 43.85%
2025-05-19 20:16:21,017 - INFO - Top-5 Accuracy: 85.51%
2025-05-19 20:16:21,017 - INFO - Vegetables
2025-05-19 20:16:21,230 - INFO - ------------------Test Statistics---------------------
2025-05-19 20:16:21,230 - INFO - Top-1 Accuracy: 28.59%
2025-05-19 20:16:21,230 - INFO - Top-5 Accuracy: 79.86%
2025-05-19 20:16:21,232 - INFO - [Gradient Period 25 Run 9] Starting
2025-05-19 20:16:21,926 - INFO - Training on device: cuda
2025-05-19 20:27:22,716 - INFO - [Gradient Period 25 Run 9] Training time: 661.48s
2025-05-19 20:27:22,983 - INFO - ------------------Test Statistics---------------------
2025-05-19 20:27:22,983 - INFO - Top-1 Accuracy: 37.23%
2025-05-19 20:27:22,983 - INFO - Top-5 Accuracy: 82.07%
2025-05-19 20:27:22,987 - INFO - ------------------Test Statistics---------------------
2025-05-19 20:27:22,987 - INFO - Top-1 Accuracy: 7.14%
2025-05-19 20:27:22,987 - INFO - Top-5 Accuracy: 35.14%
2025-05-19 20:27:23,218 - INFO - ------------------Test Statistics---------------------
2025-05-19 20:27:23,218 - INFO - Top-1 Accuracy: 18.65%
2025-05-19 20:27:23,218 - INFO - Top-5 Accuracy: 57.95%
2025-05-19 20:27:23,219 - INFO - Nuts
2025-05-19 20:27:23,427 - INFO - ------------------Test Statistics---------------------
2025-05-19 20:27:23,427 - INFO - Top-1 Accuracy: 34.83%
2025-05-19 20:27:23,427 - INFO - Top-5 Accuracy: 80.24%
2025-05-19 20:27:23,428 - INFO - Spices
2025-05-19 20:27:23,633 - INFO - ------------------Test Statistics---------------------
2025-05-19 20:27:23,633 - INFO - Top-1 Accuracy: 41.91%
2025-05-19 20:27:23,633 - INFO - Top-5 Accuracy: 84.29%
2025-05-19 20:27:23,634 - INFO - Herbs
2025-05-19 20:27:23,972 - INFO - ------------------Test Statistics---------------------
2025-05-19 20:27:23,972 - INFO - Top-1 Accuracy: 38.81%
2025-05-19 20:27:23,972 - INFO - Top-5 Accuracy: 81.76%
2025-05-19 20:27:23,972 - INFO - Fruits
2025-05-19 20:27:24,179 - INFO - ------------------Test Statistics---------------------
2025-05-19 20:27:24,179 - INFO - Top-1 Accuracy: 43.19%
2025-05-19 20:27:24,179 - INFO - Top-5 Accuracy: 84.46%
2025-05-19 20:27:24,180 - INFO - Vegetables
2025-05-19 20:27:24,389 - INFO - ------------------Test Statistics---------------------
2025-05-19 20:27:24,389 - INFO - Top-1 Accuracy: 27.61%
2025-05-19 20:27:24,389 - INFO - Top-5 Accuracy: 79.76%
2025-05-19 20:27:24,391 - INFO - [Gradient Period 25 Run 10] Starting
2025-05-19 20:27:25,077 - INFO - Training on device: cuda
2025-05-19 20:38:26,626 - INFO - [Gradient Period 25 Run 10] Training time: 662.23s
2025-05-19 20:38:26,893 - INFO - ------------------Test Statistics---------------------
2025-05-19 20:38:26,893 - INFO - Top-1 Accuracy: 38.48%
2025-05-19 20:38:26,893 - INFO - Top-5 Accuracy: 82.15%
2025-05-19 20:38:26,895 - INFO - ------------------Test Statistics---------------------
2025-05-19 20:38:26,895 - INFO - Top-1 Accuracy: 9.46%
2025-05-19 20:38:26,895 - INFO - Top-5 Accuracy: 36.91%
2025-05-19 20:38:27,127 - INFO - ------------------Test Statistics---------------------
2025-05-19 20:38:27,128 - INFO - Top-1 Accuracy: 17.99%
2025-05-19 20:38:27,128 - INFO - Top-5 Accuracy: 58.98%
2025-05-19 20:38:27,128 - INFO - Nuts
2025-05-19 20:38:27,336 - INFO - ------------------Test Statistics---------------------
2025-05-19 20:38:27,336 - INFO - Top-1 Accuracy: 37.03%
2025-05-19 20:38:27,336 - INFO - Top-5 Accuracy: 80.26%
2025-05-19 20:38:27,336 - INFO - Spices
2025-05-19 20:38:27,538 - INFO - ------------------Test Statistics---------------------
2025-05-19 20:38:27,538 - INFO - Top-1 Accuracy: 45.62%
2025-05-19 20:38:27,538 - INFO - Top-5 Accuracy: 84.34%
2025-05-19 20:38:27,539 - INFO - Herbs
2025-05-19 20:38:27,748 - INFO - ------------------Test Statistics---------------------
2025-05-19 20:38:27,748 - INFO - Top-1 Accuracy: 35.57%
2025-05-19 20:38:27,748 - INFO - Top-5 Accuracy: 81.07%
2025-05-19 20:38:27,749 - INFO - Fruits
2025-05-19 20:38:27,957 - INFO - ------------------Test Statistics---------------------
2025-05-19 20:38:27,957 - INFO - Top-1 Accuracy: 43.72%
2025-05-19 20:38:27,957 - INFO - Top-5 Accuracy: 84.42%
2025-05-19 20:38:27,958 - INFO - Vegetables
2025-05-19 20:38:28,165 - INFO - ------------------Test Statistics---------------------
2025-05-19 20:38:28,165 - INFO - Top-1 Accuracy: 30.61%
2025-05-19 20:38:28,165 - INFO - Top-5 Accuracy: 80.81%
2025-05-19 20:38:28,168 - INFO - ------------------------------------Gradient Period 50-------------------------------------------
2025-05-19 20:38:28,168 - INFO - [Gradient Period 50 Run 1] Starting
2025-05-19 20:38:28,840 - INFO - Training on device: cuda
2025-05-19 20:48:51,599 - INFO - [Gradient Period 50 Run 1] Training time: 623.43s
2025-05-19 20:48:51,866 - INFO - ------------------Test Statistics---------------------
2025-05-19 20:48:51,867 - INFO - Top-1 Accuracy: 41.88%
2025-05-19 20:48:51,867 - INFO - Top-5 Accuracy: 85.62%
2025-05-19 20:48:51,872 - INFO - ------------------Test Statistics---------------------
2025-05-19 20:48:51,872 - INFO - Top-1 Accuracy: 7.30%
2025-05-19 20:48:51,872 - INFO - Top-5 Accuracy: 32.84%
2025-05-19 20:48:52,103 - INFO - ------------------Test Statistics---------------------
2025-05-19 20:48:52,103 - INFO - Top-1 Accuracy: 21.82%
2025-05-19 20:48:52,103 - INFO - Top-5 Accuracy: 62.79%
2025-05-19 20:48:52,103 - INFO - Nuts
2025-05-19 20:48:52,312 - INFO - ------------------Test Statistics---------------------
2025-05-19 20:48:52,312 - INFO - Top-1 Accuracy: 36.81%
2025-05-19 20:48:52,312 - INFO - Top-5 Accuracy: 82.32%
2025-05-19 20:48:52,313 - INFO - Spices
2025-05-19 20:48:52,515 - INFO - ------------------Test Statistics---------------------
2025-05-19 20:48:52,515 - INFO - Top-1 Accuracy: 43.28%
2025-05-19 20:48:52,515 - INFO - Top-5 Accuracy: 85.94%
2025-05-19 20:48:52,516 - INFO - Herbs
2025-05-19 20:48:52,726 - INFO - ------------------Test Statistics---------------------
2025-05-19 20:48:52,726 - INFO - Top-1 Accuracy: 45.93%
2025-05-19 20:48:52,726 - INFO - Top-5 Accuracy: 86.84%
2025-05-19 20:48:52,727 - INFO - Fruits
2025-05-19 20:48:52,931 - INFO - ------------------Test Statistics---------------------
2025-05-19 20:48:52,931 - INFO - Top-1 Accuracy: 47.62%
2025-05-19 20:48:52,931 - INFO - Top-5 Accuracy: 86.56%
2025-05-19 20:48:52,931 - INFO - Vegetables
2025-05-19 20:48:53,140 - INFO - ------------------Test Statistics---------------------
2025-05-19 20:48:53,140 - INFO - Top-1 Accuracy: 36.10%
2025-05-19 20:48:53,140 - INFO - Top-5 Accuracy: 86.67%
2025-05-19 20:48:53,141 - INFO - [Gradient Period 50 Run 2] Starting
2025-05-19 20:48:53,931 - INFO - Training on device: cuda
2025-05-19 20:58:54,997 - INFO - [Gradient Period 50 Run 2] Training time: 601.86s
2025-05-19 20:58:55,265 - INFO - ------------------Test Statistics---------------------
2025-05-19 20:58:55,266 - INFO - Top-1 Accuracy: 41.26%
2025-05-19 20:58:55,266 - INFO - Top-5 Accuracy: 85.60%
2025-05-19 20:58:55,272 - INFO - ------------------Test Statistics---------------------
2025-05-19 20:58:55,272 - INFO - Top-1 Accuracy: 8.22%
2025-05-19 20:58:55,272 - INFO - Top-5 Accuracy: 31.95%
2025-05-19 20:58:55,504 - INFO - ------------------Test Statistics---------------------
2025-05-19 20:58:55,504 - INFO - Top-1 Accuracy: 20.03%
2025-05-19 20:58:55,505 - INFO - Top-5 Accuracy: 59.47%
2025-05-19 20:58:55,505 - INFO - Nuts
2025-05-19 20:58:55,714 - INFO - ------------------Test Statistics---------------------
2025-05-19 20:58:55,714 - INFO - Top-1 Accuracy: 38.19%
2025-05-19 20:58:55,714 - INFO - Top-5 Accuracy: 86.44%
2025-05-19 20:58:55,714 - INFO - Spices
2025-05-19 20:58:55,920 - INFO - ------------------Test Statistics---------------------
2025-05-19 20:58:55,921 - INFO - Top-1 Accuracy: 46.50%
2025-05-19 20:58:55,921 - INFO - Top-5 Accuracy: 85.59%
2025-05-19 20:58:55,921 - INFO - Herbs
2025-05-19 20:58:56,131 - INFO - ------------------Test Statistics---------------------
2025-05-19 20:58:56,131 - INFO - Top-1 Accuracy: 38.69%
2025-05-19 20:58:56,131 - INFO - Top-5 Accuracy: 81.39%
2025-05-19 20:58:56,131 - INFO - Fruits
2025-05-19 20:58:56,336 - INFO - ------------------Test Statistics---------------------
2025-05-19 20:58:56,337 - INFO - Top-1 Accuracy: 48.20%
2025-05-19 20:58:56,337 - INFO - Top-5 Accuracy: 88.66%
2025-05-19 20:58:56,337 - INFO - Vegetables
2025-05-19 20:58:56,547 - INFO - ------------------Test Statistics---------------------
2025-05-19 20:58:56,548 - INFO - Top-1 Accuracy: 34.98%
2025-05-19 20:58:56,548 - INFO - Top-5 Accuracy: 85.92%
2025-05-19 20:58:56,549 - INFO - [Gradient Period 50 Run 3] Starting
2025-05-19 20:58:57,220 - INFO - Training on device: cuda
2025-05-19 21:09:27,216 - INFO - [Gradient Period 50 Run 3] Training time: 630.67s
2025-05-19 21:09:27,484 - INFO - ------------------Test Statistics---------------------
2025-05-19 21:09:27,484 - INFO - Top-1 Accuracy: 41.40%
2025-05-19 21:09:27,484 - INFO - Top-5 Accuracy: 85.58%
2025-05-19 21:09:27,488 - INFO - ------------------Test Statistics---------------------
2025-05-19 21:09:27,488 - INFO - Top-1 Accuracy: 5.90%
2025-05-19 21:09:27,488 - INFO - Top-5 Accuracy: 29.27%
2025-05-19 21:09:27,720 - INFO - ------------------Test Statistics---------------------
2025-05-19 21:09:27,721 - INFO - Top-1 Accuracy: 23.61%
2025-05-19 21:09:27,721 - INFO - Top-5 Accuracy: 62.00%
2025-05-19 21:09:27,721 - INFO - Nuts
2025-05-19 21:09:27,929 - INFO - ------------------Test Statistics---------------------
2025-05-19 21:09:27,929 - INFO - Top-1 Accuracy: 37.78%
2025-05-19 21:09:27,929 - INFO - Top-5 Accuracy: 82.93%
2025-05-19 21:09:27,929 - INFO - Spices
2025-05-19 21:09:28,134 - INFO - ------------------Test Statistics---------------------
2025-05-19 21:09:28,134 - INFO - Top-1 Accuracy: 45.42%
2025-05-19 21:09:28,134 - INFO - Top-5 Accuracy: 88.32%
2025-05-19 21:09:28,134 - INFO - Herbs
2025-05-19 21:09:28,339 - INFO - ------------------Test Statistics---------------------
2025-05-19 21:09:28,339 - INFO - Top-1 Accuracy: 45.78%
2025-05-19 21:09:28,339 - INFO - Top-5 Accuracy: 83.48%
2025-05-19 21:09:28,339 - INFO - Fruits
2025-05-19 21:09:28,543 - INFO - ------------------Test Statistics---------------------
2025-05-19 21:09:28,543 - INFO - Top-1 Accuracy: 44.93%
2025-05-19 21:09:28,543 - INFO - Top-5 Accuracy: 86.76%
2025-05-19 21:09:28,543 - INFO - Vegetables
2025-05-19 21:09:28,752 - INFO - ------------------Test Statistics---------------------
2025-05-19 21:09:28,752 - INFO - Top-1 Accuracy: 33.31%
2025-05-19 21:09:28,752 - INFO - Top-5 Accuracy: 86.65%
2025-05-19 21:09:28,753 - INFO - [Gradient Period 50 Run 4] Starting
2025-05-19 21:09:29,542 - INFO - Training on device: cuda
2025-05-19 21:19:44,397 - INFO - [Gradient Period 50 Run 4] Training time: 615.64s
2025-05-19 21:19:44,666 - INFO - ------------------Test Statistics---------------------
2025-05-19 21:19:44,666 - INFO - Top-1 Accuracy: 42.65%
2025-05-19 21:19:44,666 - INFO - Top-5 Accuracy: 86.24%
2025-05-19 21:19:44,670 - INFO - ------------------Test Statistics---------------------
2025-05-19 21:19:44,670 - INFO - Top-1 Accuracy: 8.23%
2025-05-19 21:19:44,670 - INFO - Top-5 Accuracy: 30.74%
2025-05-19 21:19:44,906 - INFO - ------------------Test Statistics---------------------
2025-05-19 21:19:44,906 - INFO - Top-1 Accuracy: 20.93%
2025-05-19 21:19:44,906 - INFO - Top-5 Accuracy: 62.12%
2025-05-19 21:19:44,907 - INFO - Nuts
2025-05-19 21:19:45,117 - INFO - ------------------Test Statistics---------------------
2025-05-19 21:19:45,117 - INFO - Top-1 Accuracy: 38.15%
2025-05-19 21:19:45,117 - INFO - Top-5 Accuracy: 83.97%
2025-05-19 21:19:45,117 - INFO - Spices
2025-05-19 21:19:45,322 - INFO - ------------------Test Statistics---------------------
2025-05-19 21:19:45,322 - INFO - Top-1 Accuracy: 44.57%
2025-05-19 21:19:45,322 - INFO - Top-5 Accuracy: 87.54%
2025-05-19 21:19:45,322 - INFO - Herbs
2025-05-19 21:19:45,535 - INFO - ------------------Test Statistics---------------------
2025-05-19 21:19:45,535 - INFO - Top-1 Accuracy: 47.63%
2025-05-19 21:19:45,535 - INFO - Top-5 Accuracy: 86.66%
2025-05-19 21:19:45,535 - INFO - Fruits
2025-05-19 21:19:45,740 - INFO - ------------------Test Statistics---------------------
2025-05-19 21:19:45,740 - INFO - Top-1 Accuracy: 47.89%
2025-05-19 21:19:45,740 - INFO - Top-5 Accuracy: 86.87%
2025-05-19 21:19:45,741 - INFO - Vegetables
2025-05-19 21:19:45,952 - INFO - ------------------Test Statistics---------------------
2025-05-19 21:19:45,952 - INFO - Top-1 Accuracy: 35.27%
2025-05-19 21:19:45,952 - INFO - Top-5 Accuracy: 86.34%
2025-05-19 21:19:45,954 - INFO - [Gradient Period 50 Run 5] Starting
2025-05-19 21:19:46,627 - INFO - Training on device: cuda
2025-05-19 21:29:17,390 - INFO - [Gradient Period 50 Run 5] Training time: 571.44s
2025-05-19 21:29:17,665 - INFO - ------------------Test Statistics---------------------
2025-05-19 21:29:17,665 - INFO - Top-1 Accuracy: 39.61%
2025-05-19 21:29:17,665 - INFO - Top-5 Accuracy: 85.29%
2025-05-19 21:29:17,668 - INFO - ------------------Test Statistics---------------------
2025-05-19 21:29:17,668 - INFO - Top-1 Accuracy: 8.74%
2025-05-19 21:29:17,668 - INFO - Top-5 Accuracy: 29.35%
2025-05-19 21:29:17,901 - INFO - ------------------Test Statistics---------------------
2025-05-19 21:29:17,901 - INFO - Top-1 Accuracy: 18.56%
2025-05-19 21:29:17,901 - INFO - Top-5 Accuracy: 58.38%
2025-05-19 21:29:17,902 - INFO - Nuts
2025-05-19 21:29:18,109 - INFO - ------------------Test Statistics---------------------
2025-05-19 21:29:18,109 - INFO - Top-1 Accuracy: 29.33%
2025-05-19 21:29:18,109 - INFO - Top-5 Accuracy: 83.70%
2025-05-19 21:29:18,109 - INFO - Spices
2025-05-19 21:29:18,316 - INFO - ------------------Test Statistics---------------------
2025-05-19 21:29:18,317 - INFO - Top-1 Accuracy: 42.89%
2025-05-19 21:29:18,317 - INFO - Top-5 Accuracy: 87.76%
2025-05-19 21:29:18,317 - INFO - Herbs
2025-05-19 21:29:18,525 - INFO - ------------------Test Statistics---------------------
2025-05-19 21:29:18,526 - INFO - Top-1 Accuracy: 46.10%
2025-05-19 21:29:18,526 - INFO - Top-5 Accuracy: 80.51%
2025-05-19 21:29:18,526 - INFO - Fruits
2025-05-19 21:29:18,729 - INFO - ------------------Test Statistics---------------------
2025-05-19 21:29:18,729 - INFO - Top-1 Accuracy: 46.76%
2025-05-19 21:29:18,729 - INFO - Top-5 Accuracy: 88.45%
2025-05-19 21:29:18,730 - INFO - Vegetables
2025-05-19 21:29:18,935 - INFO - ------------------Test Statistics---------------------
2025-05-19 21:29:18,936 - INFO - Top-1 Accuracy: 33.67%
2025-05-19 21:29:18,936 - INFO - Top-5 Accuracy: 86.23%
2025-05-19 21:29:18,937 - INFO - [Gradient Period 50 Run 6] Starting
2025-05-19 21:29:19,610 - INFO - Training on device: cuda
2025-05-19 21:39:41,481 - INFO - [Gradient Period 50 Run 6] Training time: 622.54s
2025-05-19 21:39:41,746 - INFO - ------------------Test Statistics---------------------
2025-05-19 21:39:41,746 - INFO - Top-1 Accuracy: 41.77%
2025-05-19 21:39:41,746 - INFO - Top-5 Accuracy: 85.26%
2025-05-19 21:39:41,749 - INFO - ------------------Test Statistics---------------------
2025-05-19 21:39:41,749 - INFO - Top-1 Accuracy: 8.13%
2025-05-19 21:39:41,749 - INFO - Top-5 Accuracy: 33.92%
2025-05-19 21:39:41,982 - INFO - ------------------Test Statistics---------------------
2025-05-19 21:39:41,983 - INFO - Top-1 Accuracy: 23.69%
2025-05-19 21:39:41,983 - INFO - Top-5 Accuracy: 61.63%
2025-05-19 21:39:41,983 - INFO - Nuts
2025-05-19 21:39:42,192 - INFO - ------------------Test Statistics---------------------
2025-05-19 21:39:42,193 - INFO - Top-1 Accuracy: 40.41%
2025-05-19 21:39:42,193 - INFO - Top-5 Accuracy: 83.54%
2025-05-19 21:39:42,193 - INFO - Spices
2025-05-19 21:39:42,399 - INFO - ------------------Test Statistics---------------------
2025-05-19 21:39:42,400 - INFO - Top-1 Accuracy: 44.98%
2025-05-19 21:39:42,400 - INFO - Top-5 Accuracy: 87.12%
2025-05-19 21:39:42,400 - INFO - Herbs
2025-05-19 21:39:42,607 - INFO - ------------------Test Statistics---------------------
2025-05-19 21:39:42,607 - INFO - Top-1 Accuracy: 42.73%
2025-05-19 21:39:42,607 - INFO - Top-5 Accuracy: 85.01%
2025-05-19 21:39:42,608 - INFO - Fruits
2025-05-19 21:39:42,821 - INFO - ------------------Test Statistics---------------------
2025-05-19 21:39:42,821 - INFO - Top-1 Accuracy: 46.26%
2025-05-19 21:39:42,821 - INFO - Top-5 Accuracy: 85.34%
2025-05-19 21:39:42,821 - INFO - Vegetables
2025-05-19 21:39:43,031 - INFO - ------------------Test Statistics---------------------
2025-05-19 21:39:43,032 - INFO - Top-1 Accuracy: 34.56%
2025-05-19 21:39:43,032 - INFO - Top-5 Accuracy: 85.44%
2025-05-19 21:39:43,033 - INFO - [Gradient Period 50 Run 7] Starting
2025-05-19 21:39:43,710 - INFO - Training on device: cuda
2025-05-19 21:50:16,236 - INFO - [Gradient Period 50 Run 7] Training time: 633.20s
2025-05-19 21:50:16,501 - INFO - ------------------Test Statistics---------------------
2025-05-19 21:50:16,501 - INFO - Top-1 Accuracy: 42.28%
2025-05-19 21:50:16,501 - INFO - Top-5 Accuracy: 85.86%
2025-05-19 21:50:16,504 - INFO - ------------------Test Statistics---------------------
2025-05-19 21:50:16,504 - INFO - Top-1 Accuracy: 9.74%
2025-05-19 21:50:16,504 - INFO - Top-5 Accuracy: 31.59%
2025-05-19 21:50:16,736 - INFO - ------------------Test Statistics---------------------
2025-05-19 21:50:16,737 - INFO - Top-1 Accuracy: 23.29%
2025-05-19 21:50:16,737 - INFO - Top-5 Accuracy: 61.74%
2025-05-19 21:50:16,737 - INFO - Nuts
2025-05-19 21:50:16,946 - INFO - ------------------Test Statistics---------------------
2025-05-19 21:50:16,947 - INFO - Top-1 Accuracy: 39.37%
2025-05-19 21:50:16,947 - INFO - Top-5 Accuracy: 85.33%
2025-05-19 21:50:16,947 - INFO - Spices
2025-05-19 21:50:17,280 - INFO - ------------------Test Statistics---------------------
2025-05-19 21:50:17,281 - INFO - Top-1 Accuracy: 45.54%
2025-05-19 21:50:17,281 - INFO - Top-5 Accuracy: 85.84%
2025-05-19 21:50:17,281 - INFO - Herbs
2025-05-19 21:50:17,492 - INFO - ------------------Test Statistics---------------------
2025-05-19 21:50:17,493 - INFO - Top-1 Accuracy: 44.41%
2025-05-19 21:50:17,493 - INFO - Top-5 Accuracy: 84.95%
2025-05-19 21:50:17,493 - INFO - Fruits
2025-05-19 21:50:17,699 - INFO - ------------------Test Statistics---------------------
2025-05-19 21:50:17,700 - INFO - Top-1 Accuracy: 46.51%
2025-05-19 21:50:17,700 - INFO - Top-5 Accuracy: 87.91%
2025-05-19 21:50:17,700 - INFO - Vegetables
2025-05-19 21:50:17,909 - INFO - ------------------Test Statistics---------------------
2025-05-19 21:50:17,910 - INFO - Top-1 Accuracy: 35.75%
2025-05-19 21:50:17,910 - INFO - Top-5 Accuracy: 85.34%
2025-05-19 21:50:17,911 - INFO - [Gradient Period 50 Run 8] Starting
2025-05-19 21:50:18,587 - INFO - Training on device: cuda
2025-05-19 22:00:51,226 - INFO - [Gradient Period 50 Run 8] Training time: 633.32s
2025-05-19 22:00:51,497 - INFO - ------------------Test Statistics---------------------
2025-05-19 22:00:51,497 - INFO - Top-1 Accuracy: 42.83%
2025-05-19 22:00:51,497 - INFO - Top-5 Accuracy: 85.66%
2025-05-19 22:00:51,504 - INFO - ------------------Test Statistics---------------------
2025-05-19 22:00:51,504 - INFO - Top-1 Accuracy: 8.34%
2025-05-19 22:00:51,504 - INFO - Top-5 Accuracy: 33.13%
2025-05-19 22:00:51,736 - INFO - ------------------Test Statistics---------------------
2025-05-19 22:00:51,737 - INFO - Top-1 Accuracy: 19.74%
2025-05-19 22:00:51,737 - INFO - Top-5 Accuracy: 62.25%
2025-05-19 22:00:51,737 - INFO - Nuts
2025-05-19 22:00:51,945 - INFO - ------------------Test Statistics---------------------
2025-05-19 22:00:51,945 - INFO - Top-1 Accuracy: 41.46%
2025-05-19 22:00:51,945 - INFO - Top-5 Accuracy: 87.49%
2025-05-19 22:00:51,945 - INFO - Spices
2025-05-19 22:00:52,152 - INFO - ------------------Test Statistics---------------------
2025-05-19 22:00:52,152 - INFO - Top-1 Accuracy: 44.98%
2025-05-19 22:00:52,152 - INFO - Top-5 Accuracy: 88.26%
2025-05-19 22:00:52,152 - INFO - Herbs
2025-05-19 22:00:52,362 - INFO - ------------------Test Statistics---------------------
2025-05-19 22:00:52,363 - INFO - Top-1 Accuracy: 41.57%
2025-05-19 22:00:52,363 - INFO - Top-5 Accuracy: 76.43%
2025-05-19 22:00:52,363 - INFO - Fruits
2025-05-19 22:00:52,572 - INFO - ------------------Test Statistics---------------------
2025-05-19 22:00:52,573 - INFO - Top-1 Accuracy: 50.02%
2025-05-19 22:00:52,573 - INFO - Top-5 Accuracy: 89.94%
2025-05-19 22:00:52,573 - INFO - Vegetables
2025-05-19 22:00:52,784 - INFO - ------------------Test Statistics---------------------
2025-05-19 22:00:52,784 - INFO - Top-1 Accuracy: 36.22%
2025-05-19 22:00:52,784 - INFO - Top-5 Accuracy: 86.13%
2025-05-19 22:00:52,786 - INFO - [Gradient Period 50 Run 9] Starting
2025-05-19 22:00:53,459 - INFO - Training on device: cuda
2025-05-19 22:11:21,655 - INFO - [Gradient Period 50 Run 9] Training time: 628.87s
2025-05-19 22:11:21,919 - INFO - ------------------Test Statistics---------------------
2025-05-19 22:11:21,919 - INFO - Top-1 Accuracy: 41.39%
2025-05-19 22:11:21,919 - INFO - Top-5 Accuracy: 85.89%
2025-05-19 22:11:21,921 - INFO - ------------------Test Statistics---------------------
2025-05-19 22:11:21,921 - INFO - Top-1 Accuracy: 7.41%
2025-05-19 22:11:21,921 - INFO - Top-5 Accuracy: 31.41%
2025-05-19 22:11:22,155 - INFO - ------------------Test Statistics---------------------
2025-05-19 22:11:22,155 - INFO - Top-1 Accuracy: 19.31%
2025-05-19 22:11:22,155 - INFO - Top-5 Accuracy: 62.19%
2025-05-19 22:11:22,155 - INFO - Nuts
2025-05-19 22:11:22,362 - INFO - ------------------Test Statistics---------------------
2025-05-19 22:11:22,362 - INFO - Top-1 Accuracy: 38.28%
2025-05-19 22:11:22,362 - INFO - Top-5 Accuracy: 85.76%
2025-05-19 22:11:22,362 - INFO - Spices
2025-05-19 22:11:22,570 - INFO - ------------------Test Statistics---------------------
2025-05-19 22:11:22,570 - INFO - Top-1 Accuracy: 46.35%
2025-05-19 22:11:22,570 - INFO - Top-5 Accuracy: 85.52%
2025-05-19 22:11:22,570 - INFO - Herbs
2025-05-19 22:11:22,784 - INFO - ------------------Test Statistics---------------------
2025-05-19 22:11:22,785 - INFO - Top-1 Accuracy: 39.11%
2025-05-19 22:11:22,785 - INFO - Top-5 Accuracy: 81.43%
2025-05-19 22:11:22,785 - INFO - Fruits
2025-05-19 22:11:22,988 - INFO - ------------------Test Statistics---------------------
2025-05-19 22:11:22,989 - INFO - Top-1 Accuracy: 49.77%
2025-05-19 22:11:22,989 - INFO - Top-5 Accuracy: 89.73%
2025-05-19 22:11:22,989 - INFO - Vegetables
2025-05-19 22:11:23,195 - INFO - ------------------Test Statistics---------------------
2025-05-19 22:11:23,195 - INFO - Top-1 Accuracy: 33.67%
2025-05-19 22:11:23,195 - INFO - Top-5 Accuracy: 87.07%
2025-05-19 22:11:23,196 - INFO - [Gradient Period 50 Run 10] Starting
2025-05-19 22:11:23,865 - INFO - Training on device: cuda
2025-05-19 22:21:55,423 - INFO - [Gradient Period 50 Run 10] Training time: 632.23s
2025-05-19 22:21:55,693 - INFO - ------------------Test Statistics---------------------
2025-05-19 22:21:55,693 - INFO - Top-1 Accuracy: 41.78%
2025-05-19 22:21:55,693 - INFO - Top-5 Accuracy: 85.34%
2025-05-19 22:21:55,697 - INFO - ------------------Test Statistics---------------------
2025-05-19 22:21:55,697 - INFO - Top-1 Accuracy: 8.99%
2025-05-19 22:21:55,697 - INFO - Top-5 Accuracy: 35.66%
2025-05-19 22:21:55,929 - INFO - ------------------Test Statistics---------------------
2025-05-19 22:21:55,929 - INFO - Top-1 Accuracy: 21.85%
2025-05-19 22:21:55,929 - INFO - Top-5 Accuracy: 61.80%
2025-05-19 22:21:55,930 - INFO - Nuts
2025-05-19 22:21:56,142 - INFO - ------------------Test Statistics---------------------
2025-05-19 22:21:56,142 - INFO - Top-1 Accuracy: 38.22%
2025-05-19 22:21:56,142 - INFO - Top-5 Accuracy: 85.79%
2025-05-19 22:21:56,142 - INFO - Spices
2025-05-19 22:21:56,349 - INFO - ------------------Test Statistics---------------------
2025-05-19 22:21:56,349 - INFO - Top-1 Accuracy: 43.40%
2025-05-19 22:21:56,349 - INFO - Top-5 Accuracy: 85.15%
2025-05-19 22:21:56,349 - INFO - Herbs
2025-05-19 22:21:56,559 - INFO - ------------------Test Statistics---------------------
2025-05-19 22:21:56,559 - INFO - Top-1 Accuracy: 44.33%
2025-05-19 22:21:56,559 - INFO - Top-5 Accuracy: 82.59%
2025-05-19 22:21:56,559 - INFO - Fruits
2025-05-19 22:21:56,767 - INFO - ------------------Test Statistics---------------------
2025-05-19 22:21:56,767 - INFO - Top-1 Accuracy: 45.62%
2025-05-19 22:21:56,767 - INFO - Top-5 Accuracy: 87.29%
2025-05-19 22:21:56,767 - INFO - Vegetables
2025-05-19 22:21:56,978 - INFO - ------------------Test Statistics---------------------
2025-05-19 22:21:56,978 - INFO - Top-1 Accuracy: 37.55%
2025-05-19 22:21:56,978 - INFO - Top-5 Accuracy: 85.88%
