2025-06-05 10:58:25,909 - INFO - ------------------------------------Regular-------------------------------------------
2025-06-05 10:58:25,909 - INFO - [Regular Run 1] Starting
2025-06-05 10:58:30,361 - INFO - Training on device: cuda
2025-06-05 11:12:52,010 - INFO - [Regular Run 1] Training time: 866.10s
2025-06-05 11:12:52,298 - INFO - ------------------Test Statistics---------------------
2025-06-05 11:12:52,298 - INFO - Top-1 Accuracy: 1.95%
2025-06-05 11:12:52,298 - INFO - Top-5 Accuracy: 10.19%
2025-06-05 11:12:52,305 - INFO - ------------------Test Statistics---------------------
2025-06-05 11:12:52,305 - INFO - Top-1 Accuracy: 0.00%
2025-06-05 11:12:52,305 - INFO - Top-5 Accuracy: 9.77%
2025-06-05 11:12:52,539 - INFO - ------------------Test Statistics---------------------
2025-06-05 11:12:52,539 - INFO - Top-1 Accuracy: 23.21%
2025-06-05 11:12:52,539 - INFO - Top-5 Accuracy: 23.21%
2025-06-05 11:12:52,539 - INFO - Nuts
2025-06-05 11:12:52,745 - INFO - ------------------Test Statistics---------------------
2025-06-05 11:12:52,745 - INFO - Top-1 Accuracy: 0.00%
2025-06-05 11:12:52,745 - INFO - Top-5 Accuracy: 9.90%
2025-06-05 11:12:52,745 - INFO - Spices
2025-06-05 11:12:52,948 - INFO - ------------------Test Statistics---------------------
2025-06-05 11:12:52,948 - INFO - Top-1 Accuracy: 9.94%
2025-06-05 11:12:52,948 - INFO - Top-5 Accuracy: 9.94%
2025-06-05 11:12:52,948 - INFO - Herbs
2025-06-05 11:12:53,150 - INFO - ------------------Test Statistics---------------------
2025-06-05 11:12:53,150 - INFO - Top-1 Accuracy: 0.00%
2025-06-05 11:12:53,150 - INFO - Top-5 Accuracy: 11.04%
2025-06-05 11:12:53,150 - INFO - Fruits
2025-06-05 11:12:53,350 - INFO - ------------------Test Statistics---------------------
2025-06-05 11:12:53,350 - INFO - Top-1 Accuracy: 0.00%
2025-06-05 11:12:53,350 - INFO - Top-5 Accuracy: 10.23%
2025-06-05 11:12:53,350 - INFO - Vegetables
2025-06-05 11:12:53,546 - INFO - ------------------Test Statistics---------------------
2025-06-05 11:12:53,546 - INFO - Top-1 Accuracy: 0.00%
2025-06-05 11:12:53,546 - INFO - Top-5 Accuracy: 9.84%
2025-06-05 11:12:53,547 - INFO - ------------------------------------Dropout-------------------------------------------
2025-06-05 11:12:53,547 - INFO - [Dropout Run 1] Starting
2025-06-05 11:12:57,915 - INFO - Training on device: cuda
2025-06-05 11:29:18,265 - INFO - [Dropout Run 1] Training time: 984.72s
2025-06-05 11:29:18,511 - INFO - ------------------Test Statistics---------------------
2025-06-05 11:29:18,511 - INFO - Top-1 Accuracy: 1.95%
2025-06-05 11:29:18,511 - INFO - Top-5 Accuracy: 10.19%
2025-06-05 11:29:18,516 - INFO - ------------------Test Statistics---------------------
2025-06-05 11:29:18,517 - INFO - Top-1 Accuracy: 0.00%
2025-06-05 11:29:18,517 - INFO - Top-5 Accuracy: 9.77%
2025-06-05 11:29:18,745 - INFO - ------------------Test Statistics---------------------
2025-06-05 11:29:18,745 - INFO - Top-1 Accuracy: 23.21%
2025-06-05 11:29:18,745 - INFO - Top-5 Accuracy: 23.21%
2025-06-05 11:29:18,745 - INFO - Nuts
2025-06-05 11:29:18,950 - INFO - ------------------Test Statistics---------------------
2025-06-05 11:29:18,950 - INFO - Top-1 Accuracy: 0.00%
2025-06-05 11:29:18,950 - INFO - Top-5 Accuracy: 9.90%
2025-06-05 11:29:18,950 - INFO - Spices
2025-06-05 11:29:19,151 - INFO - ------------------Test Statistics---------------------
2025-06-05 11:29:19,151 - INFO - Top-1 Accuracy: 9.94%
2025-06-05 11:29:19,151 - INFO - Top-5 Accuracy: 9.94%
2025-06-05 11:29:19,151 - INFO - Herbs
2025-06-05 11:29:19,357 - INFO - ------------------Test Statistics---------------------
2025-06-05 11:29:19,358 - INFO - Top-1 Accuracy: 0.00%
2025-06-05 11:29:19,358 - INFO - Top-5 Accuracy: 11.04%
2025-06-05 11:29:19,358 - INFO - Fruits
2025-06-05 11:29:19,557 - INFO - ------------------Test Statistics---------------------
2025-06-05 11:29:19,557 - INFO - Top-1 Accuracy: 0.00%
2025-06-05 11:29:19,557 - INFO - Top-5 Accuracy: 10.23%
2025-06-05 11:29:19,557 - INFO - Vegetables
2025-06-05 11:29:19,882 - INFO - ------------------Test Statistics---------------------
2025-06-05 11:29:19,882 - INFO - Top-1 Accuracy: 0.00%
2025-06-05 11:29:19,882 - INFO - Top-5 Accuracy: 9.84%
2025-06-05 11:29:19,883 - INFO - ------------------------------------Noisy-------------------------------------------
2025-06-05 11:29:19,883 - INFO - [Noisy Run 1] Starting
2025-06-05 11:29:24,229 - INFO - Training on device: cuda
2025-06-05 11:43:55,860 - INFO - [Noisy Run 1] Training time: 875.98s
2025-06-05 11:43:56,097 - INFO - ------------------Test Statistics---------------------
2025-06-05 11:43:56,098 - INFO - Top-1 Accuracy: 1.95%
2025-06-05 11:43:56,098 - INFO - Top-5 Accuracy: 10.19%
2025-06-05 11:43:56,099 - INFO - ------------------Test Statistics---------------------
2025-06-05 11:43:56,099 - INFO - Top-1 Accuracy: 0.00%
2025-06-05 11:43:56,099 - INFO - Top-5 Accuracy: 9.77%
2025-06-05 11:43:56,321 - INFO - ------------------Test Statistics---------------------
2025-06-05 11:43:56,321 - INFO - Top-1 Accuracy: 23.21%
2025-06-05 11:43:56,321 - INFO - Top-5 Accuracy: 23.21%
2025-06-05 11:43:56,322 - INFO - Nuts
2025-06-05 11:43:56,523 - INFO - ------------------Test Statistics---------------------
2025-06-05 11:43:56,523 - INFO - Top-1 Accuracy: 0.00%
2025-06-05 11:43:56,523 - INFO - Top-5 Accuracy: 9.90%
2025-06-05 11:43:56,524 - INFO - Spices
2025-06-05 11:43:56,724 - INFO - ------------------Test Statistics---------------------
2025-06-05 11:43:56,724 - INFO - Top-1 Accuracy: 9.94%
2025-06-05 11:43:56,724 - INFO - Top-5 Accuracy: 9.94%
2025-06-05 11:43:56,725 - INFO - Herbs
2025-06-05 11:43:56,927 - INFO - ------------------Test Statistics---------------------
2025-06-05 11:43:56,927 - INFO - Top-1 Accuracy: 0.00%
2025-06-05 11:43:56,927 - INFO - Top-5 Accuracy: 11.04%
2025-06-05 11:43:56,928 - INFO - Fruits
2025-06-05 11:43:57,125 - INFO - ------------------Test Statistics---------------------
2025-06-05 11:43:57,125 - INFO - Top-1 Accuracy: 0.00%
2025-06-05 11:43:57,125 - INFO - Top-5 Accuracy: 10.23%
2025-06-05 11:43:57,126 - INFO - Vegetables
2025-06-05 11:43:57,321 - INFO - ------------------Test Statistics---------------------
2025-06-05 11:43:57,321 - INFO - Top-1 Accuracy: 0.00%
2025-06-05 11:43:57,322 - INFO - Top-5 Accuracy: 9.84%
