2025-06-05 11:06:30,836 - INFO - ------------------------------------Gradient Period 25-------------------------------------------
2025-06-05 11:06:30,836 - INFO - [Gradient Period 25 Run 1] Starting
2025-06-05 11:06:34,608 - INFO - Training on device: cuda
2025-06-05 11:20:52,793 - INFO - [Gradient Period 25 Run 1] Training time: 861.96s
2025-06-05 11:20:53,101 - INFO - ------------------Test Statistics---------------------
2025-06-05 11:20:53,101 - INFO - Top-1 Accuracy: 1.95%
2025-06-05 11:20:53,101 - INFO - Top-5 Accuracy: 10.26%
2025-06-05 11:20:53,108 - INFO - ------------------Test Statistics---------------------
2025-06-05 11:20:53,108 - INFO - Top-1 Accuracy: 0.00%
2025-06-05 11:20:53,108 - INFO - Top-5 Accuracy: 9.75%
2025-06-05 11:20:53,341 - INFO - ------------------Test Statistics---------------------
2025-06-05 11:20:53,341 - INFO - Top-1 Accuracy: 23.22%
2025-06-05 11:20:53,341 - INFO - Top-5 Accuracy: 23.22%
2025-06-05 11:20:53,341 - INFO - Nuts
2025-06-05 11:20:53,611 - INFO - ------------------Test Statistics---------------------
2025-06-05 11:20:53,611 - INFO - Top-1 Accuracy: 0.00%
2025-06-05 11:20:53,611 - INFO - Top-5 Accuracy: 10.03%
2025-06-05 11:20:53,611 - INFO - Spices
2025-06-05 11:20:53,922 - INFO - ------------------Test Statistics---------------------
2025-06-05 11:20:53,922 - INFO - Top-1 Accuracy: 9.93%
2025-06-05 11:20:53,922 - INFO - Top-5 Accuracy: 9.93%
2025-06-05 11:20:53,922 - INFO - Herbs
2025-06-05 11:20:54,121 - INFO - ------------------Test Statistics---------------------
2025-06-05 11:20:54,121 - INFO - Top-1 Accuracy: 0.00%
2025-06-05 11:20:54,121 - INFO - Top-5 Accuracy: 11.13%
2025-06-05 11:20:54,121 - INFO - Fruits
2025-06-05 11:20:54,318 - INFO - ------------------Test Statistics---------------------
2025-06-05 11:20:54,318 - INFO - Top-1 Accuracy: 0.00%
2025-06-05 11:20:54,319 - INFO - Top-5 Accuracy: 10.33%
2025-06-05 11:20:54,319 - INFO - Vegetables
2025-06-05 11:20:54,519 - INFO - ------------------Test Statistics---------------------
2025-06-05 11:20:54,519 - INFO - Top-1 Accuracy: 0.00%
2025-06-05 11:20:54,519 - INFO - Top-5 Accuracy: 9.86%
2025-06-05 11:20:54,521 - INFO - ------------------------------------Gradient Period 50-------------------------------------------
2025-06-05 11:20:54,521 - INFO - [Gradient Period 50 Run 1] Starting
2025-06-05 11:20:58,174 - INFO - Training on device: cuda
2025-06-05 11:34:44,778 - INFO - [Gradient Period 50 Run 1] Training time: 830.26s
2025-06-05 11:34:45,039 - INFO - ------------------Test Statistics---------------------
2025-06-05 11:34:45,039 - INFO - Top-1 Accuracy: 1.95%
2025-06-05 11:34:45,039 - INFO - Top-5 Accuracy: 10.25%
2025-06-05 11:34:45,042 - INFO - ------------------Test Statistics---------------------
2025-06-05 11:34:45,043 - INFO - Top-1 Accuracy: 0.00%
2025-06-05 11:34:45,043 - INFO - Top-5 Accuracy: 9.74%
2025-06-05 11:34:45,271 - INFO - ------------------Test Statistics---------------------
2025-06-05 11:34:45,271 - INFO - Top-1 Accuracy: 23.23%
2025-06-05 11:34:45,271 - INFO - Top-5 Accuracy: 23.23%
2025-06-05 11:34:45,271 - INFO - Nuts
2025-06-05 11:34:45,475 - INFO - ------------------Test Statistics---------------------
2025-06-05 11:34:45,475 - INFO - Top-1 Accuracy: 0.00%
2025-06-05 11:34:45,475 - INFO - Top-5 Accuracy: 10.00%
2025-06-05 11:34:45,476 - INFO - Spices
2025-06-05 11:34:45,675 - INFO - ------------------Test Statistics---------------------
2025-06-05 11:34:45,675 - INFO - Top-1 Accuracy: 9.93%
2025-06-05 11:34:45,675 - INFO - Top-5 Accuracy: 9.93%
2025-06-05 11:34:45,675 - INFO - Herbs
2025-06-05 11:34:45,873 - INFO - ------------------Test Statistics---------------------
2025-06-05 11:34:45,874 - INFO - Top-1 Accuracy: 0.00%
2025-06-05 11:34:45,874 - INFO - Top-5 Accuracy: 11.18%
2025-06-05 11:34:45,874 - INFO - Fruits
2025-06-05 11:34:46,071 - INFO - ------------------Test Statistics---------------------
2025-06-05 11:34:46,071 - INFO - Top-1 Accuracy: 0.00%
2025-06-05 11:34:46,071 - INFO - Top-5 Accuracy: 10.29%
2025-06-05 11:34:46,071 - INFO - Vegetables
2025-06-05 11:34:46,271 - INFO - ------------------Test Statistics---------------------
2025-06-05 11:34:46,271 - INFO - Top-1 Accuracy: 0.00%
2025-06-05 11:34:46,271 - INFO - Top-5 Accuracy: 9.84%
