2025-06-05 12:41:09,859 - INFO - ------------------------------------Regular-------------------------------------------
2025-06-05 12:41:09,859 - INFO - [Regular Run 1] Starting
2025-06-05 12:41:14,273 - INFO - Training on device: cuda
2025-06-05 12:54:52,735 - INFO - [Regular Run 1] Training time: 822.88s
2025-06-05 12:54:52,995 - INFO - ------------------Test Statistics---------------------
2025-06-05 12:54:52,995 - INFO - Top-1 Accuracy: 1.95%
2025-06-05 12:54:52,995 - INFO - Top-5 Accuracy: 10.19%
2025-06-05 12:54:52,998 - INFO - ------------------Test Statistics---------------------
2025-06-05 12:54:52,998 - INFO - Top-1 Accuracy: 0.00%
2025-06-05 12:54:52,998 - INFO - Top-5 Accuracy: 9.77%
2025-06-05 12:54:53,228 - INFO - ------------------Test Statistics---------------------
2025-06-05 12:54:53,229 - INFO - Top-1 Accuracy: 23.21%
2025-06-05 12:54:53,229 - INFO - Top-5 Accuracy: 23.21%
2025-06-05 12:54:53,229 - INFO - Nuts
2025-06-05 12:54:53,439 - INFO - ------------------Test Statistics---------------------
2025-06-05 12:54:53,440 - INFO - Top-1 Accuracy: 0.00%
2025-06-05 12:54:53,440 - INFO - Top-5 Accuracy: 9.90%
2025-06-05 12:54:53,440 - INFO - Spices
2025-06-05 12:54:53,633 - INFO - ------------------Test Statistics---------------------
2025-06-05 12:54:53,634 - INFO - Top-1 Accuracy: 9.94%
2025-06-05 12:54:53,634 - INFO - Top-5 Accuracy: 9.94%
2025-06-05 12:54:53,634 - INFO - Herbs
2025-06-05 12:54:53,836 - INFO - ------------------Test Statistics---------------------
2025-06-05 12:54:53,837 - INFO - Top-1 Accuracy: 0.00%
2025-06-05 12:54:53,837 - INFO - Top-5 Accuracy: 11.04%
2025-06-05 12:54:53,837 - INFO - Fruits
2025-06-05 12:54:54,039 - INFO - ------------------Test Statistics---------------------
2025-06-05 12:54:54,039 - INFO - Top-1 Accuracy: 0.00%
2025-06-05 12:54:54,039 - INFO - Top-5 Accuracy: 10.23%
2025-06-05 12:54:54,039 - INFO - Vegetables
2025-06-05 12:54:54,241 - INFO - ------------------Test Statistics---------------------
2025-06-05 12:54:54,242 - INFO - Top-1 Accuracy: 0.00%
2025-06-05 12:54:54,242 - INFO - Top-5 Accuracy: 9.84%
2025-06-05 12:54:54,243 - INFO - ------------------------------------Dropout-------------------------------------------
2025-06-05 12:54:54,243 - INFO - [Dropout Run 1] Starting
2025-06-05 12:54:58,608 - INFO - Training on device: cuda
2025-06-05 13:09:07,887 - INFO - [Dropout Run 1] Training time: 853.64s
2025-06-05 13:09:08,128 - INFO - ------------------Test Statistics---------------------
2025-06-05 13:09:08,129 - INFO - Top-1 Accuracy: 1.95%
2025-06-05 13:09:08,129 - INFO - Top-5 Accuracy: 10.19%
2025-06-05 13:09:08,130 - INFO - ------------------Test Statistics---------------------
2025-06-05 13:09:08,130 - INFO - Top-1 Accuracy: 0.00%
2025-06-05 13:09:08,130 - INFO - Top-5 Accuracy: 9.77%
2025-06-05 13:09:08,360 - INFO - ------------------Test Statistics---------------------
2025-06-05 13:09:08,360 - INFO - Top-1 Accuracy: 23.21%
2025-06-05 13:09:08,360 - INFO - Top-5 Accuracy: 23.21%
2025-06-05 13:09:08,361 - INFO - Nuts
2025-06-05 13:09:08,561 - INFO - ------------------Test Statistics---------------------
2025-06-05 13:09:08,561 - INFO - Top-1 Accuracy: 0.00%
2025-06-05 13:09:08,561 - INFO - Top-5 Accuracy: 9.90%
2025-06-05 13:09:08,561 - INFO - Spices
2025-06-05 13:09:08,763 - INFO - ------------------Test Statistics---------------------
2025-06-05 13:09:08,763 - INFO - Top-1 Accuracy: 9.94%
2025-06-05 13:09:08,763 - INFO - Top-5 Accuracy: 9.94%
2025-06-05 13:09:08,763 - INFO - Herbs
2025-06-05 13:09:08,961 - INFO - ------------------Test Statistics---------------------
2025-06-05 13:09:08,961 - INFO - Top-1 Accuracy: 0.00%
2025-06-05 13:09:08,961 - INFO - Top-5 Accuracy: 11.04%
2025-06-05 13:09:08,961 - INFO - Fruits
2025-06-05 13:09:09,162 - INFO - ------------------Test Statistics---------------------
2025-06-05 13:09:09,162 - INFO - Top-1 Accuracy: 0.00%
2025-06-05 13:09:09,163 - INFO - Top-5 Accuracy: 10.23%
2025-06-05 13:09:09,163 - INFO - Vegetables
2025-06-05 13:09:09,474 - INFO - ------------------Test Statistics---------------------
2025-06-05 13:09:09,475 - INFO - Top-1 Accuracy: 0.00%
2025-06-05 13:09:09,475 - INFO - Top-5 Accuracy: 9.84%
2025-06-05 13:09:09,476 - INFO - ------------------------------------Noisy-------------------------------------------
2025-06-05 13:09:09,476 - INFO - [Noisy Run 1] Starting
2025-06-05 13:09:13,810 - INFO - Training on device: cuda
2025-06-05 13:23:16,161 - INFO - [Noisy Run 1] Training time: 846.68s
2025-06-05 13:23:16,418 - INFO - ------------------Test Statistics---------------------
2025-06-05 13:23:16,418 - INFO - Top-1 Accuracy: 1.95%
2025-06-05 13:23:16,418 - INFO - Top-5 Accuracy: 10.19%
2025-06-05 13:23:16,423 - INFO - ------------------Test Statistics---------------------
2025-06-05 13:23:16,423 - INFO - Top-1 Accuracy: 0.00%
2025-06-05 13:23:16,423 - INFO - Top-5 Accuracy: 9.77%
2025-06-05 13:23:16,649 - INFO - ------------------Test Statistics---------------------
2025-06-05 13:23:16,649 - INFO - Top-1 Accuracy: 23.21%
2025-06-05 13:23:16,649 - INFO - Top-5 Accuracy: 23.21%
2025-06-05 13:23:16,649 - INFO - Nuts
2025-06-05 13:23:16,845 - INFO - ------------------Test Statistics---------------------
2025-06-05 13:23:16,846 - INFO - Top-1 Accuracy: 0.00%
2025-06-05 13:23:16,846 - INFO - Top-5 Accuracy: 9.90%
2025-06-05 13:23:16,846 - INFO - Spices
2025-06-05 13:23:17,045 - INFO - ------------------Test Statistics---------------------
2025-06-05 13:23:17,045 - INFO - Top-1 Accuracy: 9.94%
2025-06-05 13:23:17,045 - INFO - Top-5 Accuracy: 9.94%
2025-06-05 13:23:17,045 - INFO - Herbs
2025-06-05 13:23:17,250 - INFO - ------------------Test Statistics---------------------
2025-06-05 13:23:17,250 - INFO - Top-1 Accuracy: 0.00%
2025-06-05 13:23:17,251 - INFO - Top-5 Accuracy: 11.04%
2025-06-05 13:23:17,251 - INFO - Fruits
2025-06-05 13:23:17,452 - INFO - ------------------Test Statistics---------------------
2025-06-05 13:23:17,452 - INFO - Top-1 Accuracy: 0.00%
2025-06-05 13:23:17,452 - INFO - Top-5 Accuracy: 10.23%
2025-06-05 13:23:17,453 - INFO - Vegetables
2025-06-05 13:23:17,656 - INFO - ------------------Test Statistics---------------------
2025-06-05 13:23:17,656 - INFO - Top-1 Accuracy: 0.00%
2025-06-05 13:23:17,656 - INFO - Top-5 Accuracy: 9.84%
