2025-05-19 22:21:59,144 - INFO - ------------------------------------Gradient Period 25-------------------------------------------
2025-05-19 22:21:59,144 - INFO - [Gradient Period 25 Run 1] Starting
2025-05-19 22:22:00,772 - INFO - Training on device: cuda
2025-05-19 22:23:22,267 - INFO - [Gradient Period 25 Run 1] Training time: 83.12s
2025-05-19 22:23:22,780 - INFO - ✅ Regular Evaluation Accuracy: 63.41%
2025-05-19 22:23:22,987 - INFO - ✅ Regular Evaluation Top-5 Accuracy: 91.48%
2025-05-19 22:23:23,037 - INFO - ✅ Regular Evaluation Accuracy: 6.86%
2025-05-19 22:23:23,076 - INFO - ✅ Regular Evaluation Top-5 Accuracy: 29.41%
2025-05-19 22:23:23,559 - INFO - ✅ Regular Evaluation Accuracy: 63.41%
2025-05-19 22:23:23,732 - INFO - ✅ Regular Evaluation Top-5 Accuracy: 91.48%
2025-05-19 22:23:23,732 - INFO - Nuts
2025-05-19 22:23:23,982 - INFO - ✅ Regular Evaluation Accuracy: 57.28%
2025-05-19 22:23:24,021 - INFO - ✅ Regular Evaluation Top-5 Accuracy: 88.35%
2025-05-19 22:23:24,021 - INFO - Spices
2025-05-19 22:23:24,261 - INFO - ✅ Regular Evaluation Accuracy: 69.47%
2025-05-19 22:23:24,297 - INFO - ✅ Regular Evaluation Top-5 Accuracy: 95.79%
2025-05-19 22:23:24,297 - INFO - Herbs
2025-05-19 22:23:24,542 - INFO - ✅ Regular Evaluation Accuracy: 59.79%
2025-05-19 22:23:24,580 - INFO - ✅ Regular Evaluation Top-5 Accuracy: 88.66%
2025-05-19 22:23:24,580 - INFO - Fruits
2025-05-19 22:23:24,818 - INFO - ✅ Regular Evaluation Accuracy: 72.34%
2025-05-19 22:23:24,853 - INFO - ✅ Regular Evaluation Top-5 Accuracy: 93.62%
2025-05-19 22:23:24,853 - INFO - Vegetables
2025-05-19 22:23:25,095 - INFO - ✅ Regular Evaluation Accuracy: 58.70%
2025-05-19 22:23:25,128 - INFO - ✅ Regular Evaluation Top-5 Accuracy: 91.30%
2025-05-19 22:23:25,130 - INFO - [Gradient Period 25 Run 2] Starting
2025-05-19 22:23:25,928 - INFO - Training on device: cuda
2025-05-19 22:24:45,360 - INFO - [Gradient Period 25 Run 2] Training time: 80.23s
2025-05-19 22:24:45,851 - INFO - ✅ Regular Evaluation Accuracy: 62.16%
2025-05-19 22:24:46,027 - INFO - ✅ Regular Evaluation Top-5 Accuracy: 89.81%
2025-05-19 22:24:46,077 - INFO - ✅ Regular Evaluation Accuracy: 4.90%
2025-05-19 22:24:46,116 - INFO - ✅ Regular Evaluation Top-5 Accuracy: 23.53%
2025-05-19 22:24:46,594 - INFO - ✅ Regular Evaluation Accuracy: 62.16%
2025-05-19 22:24:46,769 - INFO - ✅ Regular Evaluation Top-5 Accuracy: 89.81%
2025-05-19 22:24:46,769 - INFO - Nuts
2025-05-19 22:24:47,014 - INFO - ✅ Regular Evaluation Accuracy: 60.19%
2025-05-19 22:24:47,053 - INFO - ✅ Regular Evaluation Top-5 Accuracy: 84.47%
2025-05-19 22:24:47,053 - INFO - Spices
2025-05-19 22:24:47,296 - INFO - ✅ Regular Evaluation Accuracy: 58.95%
2025-05-19 22:24:47,332 - INFO - ✅ Regular Evaluation Top-5 Accuracy: 94.74%
2025-05-19 22:24:47,332 - INFO - Herbs
2025-05-19 22:24:47,579 - INFO - ✅ Regular Evaluation Accuracy: 53.61%
2025-05-19 22:24:47,614 - INFO - ✅ Regular Evaluation Top-5 Accuracy: 89.69%
2025-05-19 22:24:47,614 - INFO - Fruits
2025-05-19 22:24:47,855 - INFO - ✅ Regular Evaluation Accuracy: 75.53%
2025-05-19 22:24:47,890 - INFO - ✅ Regular Evaluation Top-5 Accuracy: 92.55%
2025-05-19 22:24:47,890 - INFO - Vegetables
2025-05-19 22:24:48,134 - INFO - ✅ Regular Evaluation Accuracy: 63.04%
2025-05-19 22:24:48,166 - INFO - ✅ Regular Evaluation Top-5 Accuracy: 88.04%
2025-05-19 22:24:48,167 - INFO - [Gradient Period 25 Run 3] Starting
2025-05-19 22:24:48,920 - INFO - Training on device: cuda
2025-05-19 22:26:09,882 - INFO - [Gradient Period 25 Run 3] Training time: 81.71s
2025-05-19 22:26:10,372 - INFO - ✅ Regular Evaluation Accuracy: 60.50%
2025-05-19 22:26:10,548 - INFO - ✅ Regular Evaluation Top-5 Accuracy: 91.68%
2025-05-19 22:26:10,597 - INFO - ✅ Regular Evaluation Accuracy: 3.92%
2025-05-19 22:26:10,635 - INFO - ✅ Regular Evaluation Top-5 Accuracy: 22.55%
2025-05-19 22:26:11,113 - INFO - ✅ Regular Evaluation Accuracy: 60.50%
2025-05-19 22:26:11,284 - INFO - ✅ Regular Evaluation Top-5 Accuracy: 91.68%
2025-05-19 22:26:11,284 - INFO - Nuts
2025-05-19 22:26:11,534 - INFO - ✅ Regular Evaluation Accuracy: 64.08%
2025-05-19 22:26:11,573 - INFO - ✅ Regular Evaluation Top-5 Accuracy: 90.29%
2025-05-19 22:26:11,573 - INFO - Spices
2025-05-19 22:26:11,815 - INFO - ✅ Regular Evaluation Accuracy: 57.89%
2025-05-19 22:26:11,851 - INFO - ✅ Regular Evaluation Top-5 Accuracy: 93.68%
2025-05-19 22:26:11,852 - INFO - Herbs
2025-05-19 22:26:12,098 - INFO - ✅ Regular Evaluation Accuracy: 51.55%
2025-05-19 22:26:12,135 - INFO - ✅ Regular Evaluation Top-5 Accuracy: 84.54%
2025-05-19 22:26:12,135 - INFO - Fruits
2025-05-19 22:26:12,377 - INFO - ✅ Regular Evaluation Accuracy: 70.21%
2025-05-19 22:26:12,412 - INFO - ✅ Regular Evaluation Top-5 Accuracy: 100.00%
2025-05-19 22:26:12,412 - INFO - Vegetables
2025-05-19 22:26:12,654 - INFO - ✅ Regular Evaluation Accuracy: 58.70%
2025-05-19 22:26:12,688 - INFO - ✅ Regular Evaluation Top-5 Accuracy: 90.22%
2025-05-19 22:26:12,690 - INFO - [Gradient Period 25 Run 4] Starting
2025-05-19 22:26:13,506 - INFO - Training on device: cuda
2025-05-19 22:27:34,099 - INFO - [Gradient Period 25 Run 4] Training time: 81.41s
2025-05-19 22:27:34,587 - INFO - ✅ Regular Evaluation Accuracy: 64.24%
2025-05-19 22:27:34,764 - INFO - ✅ Regular Evaluation Top-5 Accuracy: 91.27%
2025-05-19 22:27:34,814 - INFO - ✅ Regular Evaluation Accuracy: 8.82%
2025-05-19 22:27:34,853 - INFO - ✅ Regular Evaluation Top-5 Accuracy: 25.49%
2025-05-19 22:27:35,334 - INFO - ✅ Regular Evaluation Accuracy: 64.24%
2025-05-19 22:27:35,505 - INFO - ✅ Regular Evaluation Top-5 Accuracy: 91.27%
2025-05-19 22:27:35,505 - INFO - Nuts
2025-05-19 22:27:35,751 - INFO - ✅ Regular Evaluation Accuracy: 61.17%
2025-05-19 22:27:35,789 - INFO - ✅ Regular Evaluation Top-5 Accuracy: 91.26%
2025-05-19 22:27:35,790 - INFO - Spices
2025-05-19 22:27:36,032 - INFO - ✅ Regular Evaluation Accuracy: 65.26%
2025-05-19 22:27:36,068 - INFO - ✅ Regular Evaluation Top-5 Accuracy: 92.63%
2025-05-19 22:27:36,069 - INFO - Herbs
2025-05-19 22:27:36,316 - INFO - ✅ Regular Evaluation Accuracy: 63.92%
2025-05-19 22:27:36,354 - INFO - ✅ Regular Evaluation Top-5 Accuracy: 86.60%
2025-05-19 22:27:36,354 - INFO - Fruits
2025-05-19 22:27:36,707 - INFO - ✅ Regular Evaluation Accuracy: 79.79%
2025-05-19 22:27:36,742 - INFO - ✅ Regular Evaluation Top-5 Accuracy: 97.87%
2025-05-19 22:27:36,742 - INFO - Vegetables
2025-05-19 22:27:36,984 - INFO - ✅ Regular Evaluation Accuracy: 51.09%
2025-05-19 22:27:37,018 - INFO - ✅ Regular Evaluation Top-5 Accuracy: 88.04%
2025-05-19 22:27:37,019 - INFO - [Gradient Period 25 Run 5] Starting
2025-05-19 22:27:37,779 - INFO - Training on device: cuda
2025-05-19 22:28:59,698 - INFO - [Gradient Period 25 Run 5] Training time: 82.68s
2025-05-19 22:29:00,189 - INFO - ✅ Regular Evaluation Accuracy: 63.20%
2025-05-19 22:29:00,359 - INFO - ✅ Regular Evaluation Top-5 Accuracy: 88.98%
2025-05-19 22:29:00,408 - INFO - ✅ Regular Evaluation Accuracy: 10.78%
2025-05-19 22:29:00,445 - INFO - ✅ Regular Evaluation Top-5 Accuracy: 31.37%
2025-05-19 22:29:00,921 - INFO - ✅ Regular Evaluation Accuracy: 63.20%
2025-05-19 22:29:01,093 - INFO - ✅ Regular Evaluation Top-5 Accuracy: 88.98%
2025-05-19 22:29:01,093 - INFO - Nuts
2025-05-19 22:29:01,344 - INFO - ✅ Regular Evaluation Accuracy: 58.25%
2025-05-19 22:29:01,383 - INFO - ✅ Regular Evaluation Top-5 Accuracy: 92.23%
2025-05-19 22:29:01,383 - INFO - Spices
2025-05-19 22:29:01,628 - INFO - ✅ Regular Evaluation Accuracy: 58.95%
2025-05-19 22:29:01,664 - INFO - ✅ Regular Evaluation Top-5 Accuracy: 90.53%
2025-05-19 22:29:01,664 - INFO - Herbs
2025-05-19 22:29:01,913 - INFO - ✅ Regular Evaluation Accuracy: 60.82%
2025-05-19 22:29:01,950 - INFO - ✅ Regular Evaluation Top-5 Accuracy: 80.41%
2025-05-19 22:29:01,950 - INFO - Fruits
2025-05-19 22:29:02,193 - INFO - ✅ Regular Evaluation Accuracy: 75.53%
2025-05-19 22:29:02,228 - INFO - ✅ Regular Evaluation Top-5 Accuracy: 97.87%
2025-05-19 22:29:02,228 - INFO - Vegetables
2025-05-19 22:29:02,470 - INFO - ✅ Regular Evaluation Accuracy: 63.04%
2025-05-19 22:29:02,504 - INFO - ✅ Regular Evaluation Top-5 Accuracy: 83.70%
2025-05-19 22:29:02,505 - INFO - [Gradient Period 25 Run 6] Starting
2025-05-19 22:29:03,272 - INFO - Training on device: cuda
2025-05-19 22:30:24,551 - INFO - [Gradient Period 25 Run 6] Training time: 82.05s
2025-05-19 22:30:25,044 - INFO - ✅ Regular Evaluation Accuracy: 62.37%
2025-05-19 22:30:25,222 - INFO - ✅ Regular Evaluation Top-5 Accuracy: 90.02%
2025-05-19 22:30:25,272 - INFO - ✅ Regular Evaluation Accuracy: 5.88%
2025-05-19 22:30:25,310 - INFO - ✅ Regular Evaluation Top-5 Accuracy: 24.51%
2025-05-19 22:30:25,791 - INFO - ✅ Regular Evaluation Accuracy: 62.37%
2025-05-19 22:30:25,972 - INFO - ✅ Regular Evaluation Top-5 Accuracy: 90.02%
2025-05-19 22:30:25,972 - INFO - Nuts
2025-05-19 22:30:26,222 - INFO - ✅ Regular Evaluation Accuracy: 58.25%
2025-05-19 22:30:26,261 - INFO - ✅ Regular Evaluation Top-5 Accuracy: 86.41%
2025-05-19 22:30:26,261 - INFO - Spices
2025-05-19 22:30:26,506 - INFO - ✅ Regular Evaluation Accuracy: 54.74%
2025-05-19 22:30:26,542 - INFO - ✅ Regular Evaluation Top-5 Accuracy: 92.63%
2025-05-19 22:30:26,542 - INFO - Herbs
2025-05-19 22:30:26,791 - INFO - ✅ Regular Evaluation Accuracy: 50.52%
2025-05-19 22:30:26,829 - INFO - ✅ Regular Evaluation Top-5 Accuracy: 84.54%
2025-05-19 22:30:26,829 - INFO - Fruits
2025-05-19 22:30:27,074 - INFO - ✅ Regular Evaluation Accuracy: 80.85%
2025-05-19 22:30:27,109 - INFO - ✅ Regular Evaluation Top-5 Accuracy: 93.62%
2025-05-19 22:30:27,109 - INFO - Vegetables
2025-05-19 22:30:27,355 - INFO - ✅ Regular Evaluation Accuracy: 68.48%
2025-05-19 22:30:27,389 - INFO - ✅ Regular Evaluation Top-5 Accuracy: 93.48%
2025-05-19 22:30:27,390 - INFO - [Gradient Period 25 Run 7] Starting
2025-05-19 22:30:28,185 - INFO - Training on device: cuda
2025-05-19 22:31:49,547 - INFO - [Gradient Period 25 Run 7] Training time: 82.16s
2025-05-19 22:31:50,035 - INFO - ✅ Regular Evaluation Accuracy: 62.79%
2025-05-19 22:31:50,212 - INFO - ✅ Regular Evaluation Top-5 Accuracy: 90.64%
2025-05-19 22:31:50,263 - INFO - ✅ Regular Evaluation Accuracy: 10.78%
2025-05-19 22:31:50,301 - INFO - ✅ Regular Evaluation Top-5 Accuracy: 26.47%
2025-05-19 22:31:50,778 - INFO - ✅ Regular Evaluation Accuracy: 62.79%
2025-05-19 22:31:50,958 - INFO - ✅ Regular Evaluation Top-5 Accuracy: 90.64%
2025-05-19 22:31:50,958 - INFO - Nuts
2025-05-19 22:31:51,208 - INFO - ✅ Regular Evaluation Accuracy: 59.22%
2025-05-19 22:31:51,247 - INFO - ✅ Regular Evaluation Top-5 Accuracy: 88.35%
2025-05-19 22:31:51,247 - INFO - Spices
2025-05-19 22:31:51,491 - INFO - ✅ Regular Evaluation Accuracy: 58.95%
2025-05-19 22:31:51,527 - INFO - ✅ Regular Evaluation Top-5 Accuracy: 93.68%
2025-05-19 22:31:51,528 - INFO - Herbs
2025-05-19 22:31:51,776 - INFO - ✅ Regular Evaluation Accuracy: 60.82%
2025-05-19 22:31:51,814 - INFO - ✅ Regular Evaluation Top-5 Accuracy: 81.44%
2025-05-19 22:31:51,814 - INFO - Fruits
2025-05-19 22:31:52,057 - INFO - ✅ Regular Evaluation Accuracy: 76.60%
2025-05-19 22:31:52,092 - INFO - ✅ Regular Evaluation Top-5 Accuracy: 95.74%
2025-05-19 22:31:52,092 - INFO - Vegetables
2025-05-19 22:31:52,335 - INFO - ✅ Regular Evaluation Accuracy: 58.70%
2025-05-19 22:31:52,369 - INFO - ✅ Regular Evaluation Top-5 Accuracy: 94.57%
2025-05-19 22:31:52,370 - INFO - [Gradient Period 25 Run 8] Starting
2025-05-19 22:31:53,132 - INFO - Training on device: cuda
2025-05-19 22:33:15,450 - INFO - [Gradient Period 25 Run 8] Training time: 83.08s
2025-05-19 22:33:15,941 - INFO - ✅ Regular Evaluation Accuracy: 65.28%
2025-05-19 22:33:16,117 - INFO - ✅ Regular Evaluation Top-5 Accuracy: 90.64%
2025-05-19 22:33:16,166 - INFO - ✅ Regular Evaluation Accuracy: 11.76%
2025-05-19 22:33:16,203 - INFO - ✅ Regular Evaluation Top-5 Accuracy: 35.29%
2025-05-19 22:33:16,685 - INFO - ✅ Regular Evaluation Accuracy: 65.28%
2025-05-19 22:33:16,857 - INFO - ✅ Regular Evaluation Top-5 Accuracy: 90.64%
2025-05-19 22:33:16,857 - INFO - Nuts
2025-05-19 22:33:17,107 - INFO - ✅ Regular Evaluation Accuracy: 62.14%
2025-05-19 22:33:17,146 - INFO - ✅ Regular Evaluation Top-5 Accuracy: 92.23%
2025-05-19 22:33:17,146 - INFO - Spices
2025-05-19 22:33:17,391 - INFO - ✅ Regular Evaluation Accuracy: 65.26%
2025-05-19 22:33:17,427 - INFO - ✅ Regular Evaluation Top-5 Accuracy: 89.47%
2025-05-19 22:33:17,427 - INFO - Herbs
2025-05-19 22:33:17,675 - INFO - ✅ Regular Evaluation Accuracy: 57.73%
2025-05-19 22:33:17,713 - INFO - ✅ Regular Evaluation Top-5 Accuracy: 79.38%
2025-05-19 22:33:17,713 - INFO - Fruits
2025-05-19 22:33:17,956 - INFO - ✅ Regular Evaluation Accuracy: 80.85%
2025-05-19 22:33:17,991 - INFO - ✅ Regular Evaluation Top-5 Accuracy: 97.87%
2025-05-19 22:33:17,991 - INFO - Vegetables
2025-05-19 22:33:18,234 - INFO - ✅ Regular Evaluation Accuracy: 60.87%
2025-05-19 22:33:18,268 - INFO - ✅ Regular Evaluation Top-5 Accuracy: 94.57%
2025-05-19 22:33:18,270 - INFO - [Gradient Period 25 Run 9] Starting
2025-05-19 22:33:19,020 - INFO - Training on device: cuda
2025-05-19 22:34:41,316 - INFO - [Gradient Period 25 Run 9] Training time: 83.05s
2025-05-19 22:34:41,809 - INFO - ✅ Regular Evaluation Accuracy: 61.54%
2025-05-19 22:34:41,986 - INFO - ✅ Regular Evaluation Top-5 Accuracy: 93.76%
2025-05-19 22:34:42,038 - INFO - ✅ Regular Evaluation Accuracy: 1.96%
2025-05-19 22:34:42,077 - INFO - ✅ Regular Evaluation Top-5 Accuracy: 29.41%
2025-05-19 22:34:42,559 - INFO - ✅ Regular Evaluation Accuracy: 61.54%
2025-05-19 22:34:42,730 - INFO - ✅ Regular Evaluation Top-5 Accuracy: 93.76%
2025-05-19 22:34:42,730 - INFO - Nuts
2025-05-19 22:34:43,097 - INFO - ✅ Regular Evaluation Accuracy: 60.19%
2025-05-19 22:34:43,136 - INFO - ✅ Regular Evaluation Top-5 Accuracy: 91.26%
2025-05-19 22:34:43,136 - INFO - Spices
2025-05-19 22:34:43,381 - INFO - ✅ Regular Evaluation Accuracy: 51.58%
2025-05-19 22:34:43,417 - INFO - ✅ Regular Evaluation Top-5 Accuracy: 95.79%
2025-05-19 22:34:43,417 - INFO - Herbs
2025-05-19 22:34:43,667 - INFO - ✅ Regular Evaluation Accuracy: 59.79%
2025-05-19 22:34:43,704 - INFO - ✅ Regular Evaluation Top-5 Accuracy: 87.63%
2025-05-19 22:34:43,704 - INFO - Fruits
2025-05-19 22:34:43,949 - INFO - ✅ Regular Evaluation Accuracy: 76.60%
2025-05-19 22:34:43,984 - INFO - ✅ Regular Evaluation Top-5 Accuracy: 97.87%
2025-05-19 22:34:43,984 - INFO - Vegetables
2025-05-19 22:34:44,229 - INFO - ✅ Regular Evaluation Accuracy: 59.78%
2025-05-19 22:34:44,263 - INFO - ✅ Regular Evaluation Top-5 Accuracy: 96.74%
2025-05-19 22:34:44,265 - INFO - [Gradient Period 25 Run 10] Starting
2025-05-19 22:34:45,029 - INFO - Training on device: cuda
2025-05-19 22:36:05,953 - INFO - [Gradient Period 25 Run 10] Training time: 81.69s
2025-05-19 22:36:06,449 - INFO - ✅ Regular Evaluation Accuracy: 60.71%
2025-05-19 22:36:06,630 - INFO - ✅ Regular Evaluation Top-5 Accuracy: 88.15%
2025-05-19 22:36:06,679 - INFO - ✅ Regular Evaluation Accuracy: 7.84%
2025-05-19 22:36:06,717 - INFO - ✅ Regular Evaluation Top-5 Accuracy: 33.33%
2025-05-19 22:36:07,196 - INFO - ✅ Regular Evaluation Accuracy: 60.71%
2025-05-19 22:36:07,379 - INFO - ✅ Regular Evaluation Top-5 Accuracy: 88.15%
2025-05-19 22:36:07,379 - INFO - Nuts
2025-05-19 22:36:07,631 - INFO - ✅ Regular Evaluation Accuracy: 58.25%
2025-05-19 22:36:07,674 - INFO - ✅ Regular Evaluation Top-5 Accuracy: 87.38%
2025-05-19 22:36:07,674 - INFO - Spices
2025-05-19 22:36:07,920 - INFO - ✅ Regular Evaluation Accuracy: 58.95%
2025-05-19 22:36:07,956 - INFO - ✅ Regular Evaluation Top-5 Accuracy: 95.79%
2025-05-19 22:36:07,956 - INFO - Herbs
2025-05-19 22:36:08,205 - INFO - ✅ Regular Evaluation Accuracy: 56.70%
2025-05-19 22:36:08,242 - INFO - ✅ Regular Evaluation Top-5 Accuracy: 77.32%
2025-05-19 22:36:08,243 - INFO - Fruits
2025-05-19 22:36:08,485 - INFO - ✅ Regular Evaluation Accuracy: 71.28%
2025-05-19 22:36:08,520 - INFO - ✅ Regular Evaluation Top-5 Accuracy: 88.30%
2025-05-19 22:36:08,520 - INFO - Vegetables
2025-05-19 22:36:08,768 - INFO - ✅ Regular Evaluation Accuracy: 58.70%
2025-05-19 22:36:08,802 - INFO - ✅ Regular Evaluation Top-5 Accuracy: 92.39%
2025-05-19 22:36:08,804 - INFO - ------------------------------------Gradient Period 50-------------------------------------------
2025-05-19 22:36:08,804 - INFO - [Gradient Period 50 Run 1] Starting
2025-05-19 22:36:09,533 - INFO - Training on device: cuda
2025-05-19 22:37:26,991 - INFO - [Gradient Period 50 Run 1] Training time: 78.19s
2025-05-19 22:37:27,468 - INFO - ✅ Regular Evaluation Accuracy: 61.20%
2025-05-19 22:37:27,643 - INFO - ✅ Regular Evaluation Top-5 Accuracy: 86.70%
2025-05-19 22:37:27,689 - INFO - ✅ Regular Evaluation Accuracy: 7.37%
2025-05-19 22:37:27,723 - INFO - ✅ Regular Evaluation Top-5 Accuracy: 31.58%
2025-05-19 22:37:28,192 - INFO - ✅ Regular Evaluation Accuracy: 61.20%
2025-05-19 22:37:28,353 - INFO - ✅ Regular Evaluation Top-5 Accuracy: 86.70%
2025-05-19 22:37:28,354 - INFO - Nuts
2025-05-19 22:37:28,607 - INFO - ✅ Regular Evaluation Accuracy: 58.33%
2025-05-19 22:37:28,643 - INFO - ✅ Regular Evaluation Top-5 Accuracy: 88.54%
2025-05-19 22:37:28,643 - INFO - Spices
2025-05-19 22:37:28,887 - INFO - ✅ Regular Evaluation Accuracy: 55.68%
2025-05-19 22:37:28,921 - INFO - ✅ Regular Evaluation Top-5 Accuracy: 82.95%
2025-05-19 22:37:28,921 - INFO - Herbs
2025-05-19 22:37:29,164 - INFO - ✅ Regular Evaluation Accuracy: 48.86%
2025-05-19 22:37:29,197 - INFO - ✅ Regular Evaluation Top-5 Accuracy: 77.27%
2025-05-19 22:37:29,198 - INFO - Fruits
2025-05-19 22:37:29,440 - INFO - ✅ Regular Evaluation Accuracy: 80.90%
2025-05-19 22:37:29,473 - INFO - ✅ Regular Evaluation Top-5 Accuracy: 95.51%
2025-05-19 22:37:29,473 - INFO - Vegetables
2025-05-19 22:37:29,720 - INFO - ✅ Regular Evaluation Accuracy: 62.22%
2025-05-19 22:37:29,753 - INFO - ✅ Regular Evaluation Top-5 Accuracy: 88.89%
2025-05-19 22:37:29,755 - INFO - [Gradient Period 50 Run 2] Starting
2025-05-19 22:37:30,505 - INFO - Training on device: cuda
2025-05-19 22:38:48,585 - INFO - [Gradient Period 50 Run 2] Training time: 78.83s
2025-05-19 22:38:49,061 - INFO - ✅ Regular Evaluation Accuracy: 61.20%
2025-05-19 22:38:49,228 - INFO - ✅ Regular Evaluation Top-5 Accuracy: 90.24%
2025-05-19 22:38:49,275 - INFO - ✅ Regular Evaluation Accuracy: 11.58%
2025-05-19 22:38:49,310 - INFO - ✅ Regular Evaluation Top-5 Accuracy: 31.58%
2025-05-19 22:38:49,776 - INFO - ✅ Regular Evaluation Accuracy: 61.20%
2025-05-19 22:38:49,947 - INFO - ✅ Regular Evaluation Top-5 Accuracy: 90.24%
2025-05-19 22:38:49,947 - INFO - Nuts
2025-05-19 22:38:50,191 - INFO - ✅ Regular Evaluation Accuracy: 57.29%
2025-05-19 22:38:50,227 - INFO - ✅ Regular Evaluation Top-5 Accuracy: 95.83%
2025-05-19 22:38:50,227 - INFO - Spices
2025-05-19 22:38:50,467 - INFO - ✅ Regular Evaluation Accuracy: 45.45%
2025-05-19 22:38:50,500 - INFO - ✅ Regular Evaluation Top-5 Accuracy: 81.82%
2025-05-19 22:38:50,501 - INFO - Herbs
2025-05-19 22:38:50,747 - INFO - ✅ Regular Evaluation Accuracy: 59.09%
2025-05-19 22:38:50,780 - INFO - ✅ Regular Evaluation Top-5 Accuracy: 82.95%
2025-05-19 22:38:50,780 - INFO - Fruits
2025-05-19 22:38:51,021 - INFO - ✅ Regular Evaluation Accuracy: 77.53%
2025-05-19 22:38:51,054 - INFO - ✅ Regular Evaluation Top-5 Accuracy: 96.63%
2025-05-19 22:38:51,055 - INFO - Vegetables
2025-05-19 22:38:51,298 - INFO - ✅ Regular Evaluation Accuracy: 66.67%
2025-05-19 22:38:51,331 - INFO - ✅ Regular Evaluation Top-5 Accuracy: 93.33%
2025-05-19 22:38:51,333 - INFO - [Gradient Period 50 Run 3] Starting
2025-05-19 22:38:52,069 - INFO - Training on device: cuda
2025-05-19 22:40:10,538 - INFO - [Gradient Period 50 Run 3] Training time: 79.21s
2025-05-19 22:40:11,014 - INFO - ✅ Regular Evaluation Accuracy: 60.09%
2025-05-19 22:40:11,180 - INFO - ✅ Regular Evaluation Top-5 Accuracy: 88.25%
2025-05-19 22:40:11,226 - INFO - ✅ Regular Evaluation Accuracy: 15.79%
2025-05-19 22:40:11,261 - INFO - ✅ Regular Evaluation Top-5 Accuracy: 30.53%
2025-05-19 22:40:11,728 - INFO - ✅ Regular Evaluation Accuracy: 60.09%
2025-05-19 22:40:11,896 - INFO - ✅ Regular Evaluation Top-5 Accuracy: 88.25%
2025-05-19 22:40:11,896 - INFO - Nuts
2025-05-19 22:40:12,145 - INFO - ✅ Regular Evaluation Accuracy: 57.29%
2025-05-19 22:40:12,182 - INFO - ✅ Regular Evaluation Top-5 Accuracy: 92.71%
2025-05-19 22:40:12,182 - INFO - Spices
2025-05-19 22:40:12,424 - INFO - ✅ Regular Evaluation Accuracy: 48.86%
2025-05-19 22:40:12,457 - INFO - ✅ Regular Evaluation Top-5 Accuracy: 86.36%
2025-05-19 22:40:12,457 - INFO - Herbs
2025-05-19 22:40:12,702 - INFO - ✅ Regular Evaluation Accuracy: 51.14%
2025-05-19 22:40:12,736 - INFO - ✅ Regular Evaluation Top-5 Accuracy: 75.00%
2025-05-19 22:40:12,736 - INFO - Fruits
2025-05-19 22:40:12,978 - INFO - ✅ Regular Evaluation Accuracy: 86.52%
2025-05-19 22:40:13,012 - INFO - ✅ Regular Evaluation Top-5 Accuracy: 100.00%
2025-05-19 22:40:13,012 - INFO - Vegetables
2025-05-19 22:40:13,257 - INFO - ✅ Regular Evaluation Accuracy: 56.67%
2025-05-19 22:40:13,290 - INFO - ✅ Regular Evaluation Top-5 Accuracy: 86.67%
2025-05-19 22:40:13,292 - INFO - [Gradient Period 50 Run 4] Starting
2025-05-19 22:40:14,157 - INFO - Training on device: cuda
2025-05-19 22:41:42,677 - INFO - [Gradient Period 50 Run 4] Training time: 89.38s
2025-05-19 22:41:43,156 - INFO - ✅ Regular Evaluation Accuracy: 58.09%
2025-05-19 22:41:43,322 - INFO - ✅ Regular Evaluation Top-5 Accuracy: 86.25%
2025-05-19 22:41:43,368 - INFO - ✅ Regular Evaluation Accuracy: 9.47%
2025-05-19 22:41:43,402 - INFO - ✅ Regular Evaluation Top-5 Accuracy: 38.95%
2025-05-19 22:41:43,866 - INFO - ✅ Regular Evaluation Accuracy: 58.09%
2025-05-19 22:41:44,035 - INFO - ✅ Regular Evaluation Top-5 Accuracy: 86.25%
2025-05-19 22:41:44,035 - INFO - Nuts
2025-05-19 22:41:44,280 - INFO - ✅ Regular Evaluation Accuracy: 59.38%
2025-05-19 22:41:44,316 - INFO - ✅ Regular Evaluation Top-5 Accuracy: 92.71%
2025-05-19 22:41:44,316 - INFO - Spices
2025-05-19 22:41:44,556 - INFO - ✅ Regular Evaluation Accuracy: 53.41%
2025-05-19 22:41:44,589 - INFO - ✅ Regular Evaluation Top-5 Accuracy: 77.27%
2025-05-19 22:41:44,590 - INFO - Herbs
2025-05-19 22:41:44,832 - INFO - ✅ Regular Evaluation Accuracy: 46.59%
2025-05-19 22:41:44,865 - INFO - ✅ Regular Evaluation Top-5 Accuracy: 75.00%
2025-05-19 22:41:44,866 - INFO - Fruits
2025-05-19 22:41:45,108 - INFO - ✅ Regular Evaluation Accuracy: 70.79%
2025-05-19 22:41:45,141 - INFO - ✅ Regular Evaluation Top-5 Accuracy: 95.51%
2025-05-19 22:41:45,141 - INFO - Vegetables
2025-05-19 22:41:45,384 - INFO - ✅ Regular Evaluation Accuracy: 60.00%
2025-05-19 22:41:45,417 - INFO - ✅ Regular Evaluation Top-5 Accuracy: 90.00%
2025-05-19 22:41:45,419 - INFO - [Gradient Period 50 Run 5] Starting
2025-05-19 22:41:46,185 - INFO - Training on device: cuda
2025-05-19 22:43:13,109 - INFO - [Gradient Period 50 Run 5] Training time: 87.69s
2025-05-19 22:43:13,591 - INFO - ✅ Regular Evaluation Accuracy: 59.20%
2025-05-19 22:43:13,776 - INFO - ✅ Regular Evaluation Top-5 Accuracy: 87.36%
2025-05-19 22:43:13,826 - INFO - ✅ Regular Evaluation Accuracy: 7.37%
2025-05-19 22:43:13,866 - INFO - ✅ Regular Evaluation Top-5 Accuracy: 29.47%
2025-05-19 22:43:14,336 - INFO - ✅ Regular Evaluation Accuracy: 59.20%
2025-05-19 22:43:14,496 - INFO - ✅ Regular Evaluation Top-5 Accuracy: 87.36%
2025-05-19 22:43:14,496 - INFO - Nuts
2025-05-19 22:43:14,742 - INFO - ✅ Regular Evaluation Accuracy: 66.67%
2025-05-19 22:43:14,780 - INFO - ✅ Regular Evaluation Top-5 Accuracy: 90.62%
2025-05-19 22:43:14,780 - INFO - Spices
2025-05-19 22:43:15,022 - INFO - ✅ Regular Evaluation Accuracy: 48.86%
2025-05-19 22:43:15,057 - INFO - ✅ Regular Evaluation Top-5 Accuracy: 85.23%
2025-05-19 22:43:15,057 - INFO - Herbs
2025-05-19 22:43:15,299 - INFO - ✅ Regular Evaluation Accuracy: 51.14%
2025-05-19 22:43:15,333 - INFO - ✅ Regular Evaluation Top-5 Accuracy: 77.27%
2025-05-19 22:43:15,333 - INFO - Fruits
2025-05-19 22:43:15,576 - INFO - ✅ Regular Evaluation Accuracy: 77.53%
2025-05-19 22:43:15,610 - INFO - ✅ Regular Evaluation Top-5 Accuracy: 98.88%
2025-05-19 22:43:15,610 - INFO - Vegetables
2025-05-19 22:43:15,853 - INFO - ✅ Regular Evaluation Accuracy: 51.11%
2025-05-19 22:43:15,886 - INFO - ✅ Regular Evaluation Top-5 Accuracy: 84.44%
2025-05-19 22:43:15,888 - INFO - [Gradient Period 50 Run 6] Starting
2025-05-19 22:43:16,642 - INFO - Training on device: cuda
2025-05-19 22:44:31,791 - INFO - [Gradient Period 50 Run 6] Training time: 75.90s
2025-05-19 22:44:32,266 - INFO - ✅ Regular Evaluation Accuracy: 59.87%
2025-05-19 22:44:32,442 - INFO - ✅ Regular Evaluation Top-5 Accuracy: 87.80%
2025-05-19 22:44:32,489 - INFO - ✅ Regular Evaluation Accuracy: 8.42%
2025-05-19 22:44:32,534 - INFO - ✅ Regular Evaluation Top-5 Accuracy: 29.47%
2025-05-19 22:44:33,008 - INFO - ✅ Regular Evaluation Accuracy: 59.87%
2025-05-19 22:44:33,169 - INFO - ✅ Regular Evaluation Top-5 Accuracy: 87.80%
2025-05-19 22:44:33,169 - INFO - Nuts
2025-05-19 22:44:33,419 - INFO - ✅ Regular Evaluation Accuracy: 64.58%
2025-05-19 22:44:33,459 - INFO - ✅ Regular Evaluation Top-5 Accuracy: 89.58%
2025-05-19 22:44:33,460 - INFO - Spices
2025-05-19 22:44:33,701 - INFO - ✅ Regular Evaluation Accuracy: 43.18%
2025-05-19 22:44:33,740 - INFO - ✅ Regular Evaluation Top-5 Accuracy: 85.23%
2025-05-19 22:44:33,740 - INFO - Herbs
2025-05-19 22:44:33,983 - INFO - ✅ Regular Evaluation Accuracy: 57.95%
2025-05-19 22:44:34,017 - INFO - ✅ Regular Evaluation Top-5 Accuracy: 80.68%
2025-05-19 22:44:34,017 - INFO - Fruits
2025-05-19 22:44:34,260 - INFO - ✅ Regular Evaluation Accuracy: 79.78%
2025-05-19 22:44:34,293 - INFO - ✅ Regular Evaluation Top-5 Accuracy: 92.13%
2025-05-19 22:44:34,293 - INFO - Vegetables
2025-05-19 22:44:34,539 - INFO - ✅ Regular Evaluation Accuracy: 53.33%
2025-05-19 22:44:34,574 - INFO - ✅ Regular Evaluation Top-5 Accuracy: 91.11%
2025-05-19 22:44:34,575 - INFO - [Gradient Period 50 Run 7] Starting
2025-05-19 22:44:35,366 - INFO - Training on device: cuda
2025-05-19 22:45:51,867 - INFO - [Gradient Period 50 Run 7] Training time: 77.29s
2025-05-19 22:45:52,341 - INFO - ✅ Regular Evaluation Accuracy: 58.98%
2025-05-19 22:45:52,520 - INFO - ✅ Regular Evaluation Top-5 Accuracy: 87.36%
2025-05-19 22:45:52,570 - INFO - ✅ Regular Evaluation Accuracy: 8.42%
2025-05-19 22:45:52,610 - INFO - ✅ Regular Evaluation Top-5 Accuracy: 28.42%
2025-05-19 22:45:53,078 - INFO - ✅ Regular Evaluation Accuracy: 58.98%
2025-05-19 22:45:53,238 - INFO - ✅ Regular Evaluation Top-5 Accuracy: 87.36%
2025-05-19 22:45:53,238 - INFO - Nuts
2025-05-19 22:45:53,482 - INFO - ✅ Regular Evaluation Accuracy: 57.29%
2025-05-19 22:45:53,518 - INFO - ✅ Regular Evaluation Top-5 Accuracy: 83.33%
2025-05-19 22:45:53,518 - INFO - Spices
2025-05-19 22:45:53,759 - INFO - ✅ Regular Evaluation Accuracy: 52.27%
2025-05-19 22:45:53,793 - INFO - ✅ Regular Evaluation Top-5 Accuracy: 88.64%
2025-05-19 22:45:53,793 - INFO - Herbs
2025-05-19 22:45:54,038 - INFO - ✅ Regular Evaluation Accuracy: 62.50%
2025-05-19 22:45:54,071 - INFO - ✅ Regular Evaluation Top-5 Accuracy: 86.36%
2025-05-19 22:45:54,071 - INFO - Fruits
2025-05-19 22:45:54,313 - INFO - ✅ Regular Evaluation Accuracy: 70.79%
2025-05-19 22:45:54,347 - INFO - ✅ Regular Evaluation Top-5 Accuracy: 91.01%
2025-05-19 22:45:54,347 - INFO - Vegetables
2025-05-19 22:45:54,591 - INFO - ✅ Regular Evaluation Accuracy: 52.22%
2025-05-19 22:45:54,625 - INFO - ✅ Regular Evaluation Top-5 Accuracy: 87.78%
2025-05-19 22:45:54,627 - INFO - [Gradient Period 50 Run 8] Starting
2025-05-19 22:45:55,369 - INFO - Training on device: cuda
2025-05-19 22:47:13,564 - INFO - [Gradient Period 50 Run 8] Training time: 78.94s
2025-05-19 22:47:14,040 - INFO - ✅ Regular Evaluation Accuracy: 58.76%
2025-05-19 22:47:14,218 - INFO - ✅ Regular Evaluation Top-5 Accuracy: 88.91%
2025-05-19 22:47:14,265 - INFO - ✅ Regular Evaluation Accuracy: 8.42%
2025-05-19 22:47:14,301 - INFO - ✅ Regular Evaluation Top-5 Accuracy: 20.00%
2025-05-19 22:47:14,770 - INFO - ✅ Regular Evaluation Accuracy: 58.76%
2025-05-19 22:47:14,931 - INFO - ✅ Regular Evaluation Top-5 Accuracy: 88.91%
2025-05-19 22:47:14,931 - INFO - Nuts
2025-05-19 22:47:15,182 - INFO - ✅ Regular Evaluation Accuracy: 65.62%
2025-05-19 22:47:15,218 - INFO - ✅ Regular Evaluation Top-5 Accuracy: 88.54%
2025-05-19 22:47:15,218 - INFO - Spices
2025-05-19 22:47:15,573 - INFO - ✅ Regular Evaluation Accuracy: 44.32%
2025-05-19 22:47:15,606 - INFO - ✅ Regular Evaluation Top-5 Accuracy: 88.64%
2025-05-19 22:47:15,606 - INFO - Herbs
2025-05-19 22:47:15,851 - INFO - ✅ Regular Evaluation Accuracy: 53.41%
2025-05-19 22:47:15,884 - INFO - ✅ Regular Evaluation Top-5 Accuracy: 82.95%
2025-05-19 22:47:15,884 - INFO - Fruits
2025-05-19 22:47:16,125 - INFO - ✅ Regular Evaluation Accuracy: 70.79%
2025-05-19 22:47:16,158 - INFO - ✅ Regular Evaluation Top-5 Accuracy: 92.13%
2025-05-19 22:47:16,158 - INFO - Vegetables
2025-05-19 22:47:16,405 - INFO - ✅ Regular Evaluation Accuracy: 58.89%
2025-05-19 22:47:16,439 - INFO - ✅ Regular Evaluation Top-5 Accuracy: 92.22%
2025-05-19 22:47:16,440 - INFO - [Gradient Period 50 Run 9] Starting
2025-05-19 22:47:17,175 - INFO - Training on device: cuda
2025-05-19 22:48:35,215 - INFO - [Gradient Period 50 Run 9] Training time: 78.77s
2025-05-19 22:48:35,690 - INFO - ✅ Regular Evaluation Accuracy: 63.86%
2025-05-19 22:48:35,861 - INFO - ✅ Regular Evaluation Top-5 Accuracy: 87.80%
2025-05-19 22:48:35,910 - INFO - ✅ Regular Evaluation Accuracy: 5.26%
2025-05-19 22:48:35,948 - INFO - ✅ Regular Evaluation Top-5 Accuracy: 25.26%
2025-05-19 22:48:36,415 - INFO - ✅ Regular Evaluation Accuracy: 63.86%
2025-05-19 22:48:36,582 - INFO - ✅ Regular Evaluation Top-5 Accuracy: 87.80%
2025-05-19 22:48:36,582 - INFO - Nuts
2025-05-19 22:48:36,824 - INFO - ✅ Regular Evaluation Accuracy: 65.62%
2025-05-19 22:48:36,861 - INFO - ✅ Regular Evaluation Top-5 Accuracy: 90.62%
2025-05-19 22:48:36,861 - INFO - Spices
2025-05-19 22:48:37,104 - INFO - ✅ Regular Evaluation Accuracy: 44.32%
2025-05-19 22:48:37,138 - INFO - ✅ Regular Evaluation Top-5 Accuracy: 81.82%
2025-05-19 22:48:37,138 - INFO - Herbs
2025-05-19 22:48:37,382 - INFO - ✅ Regular Evaluation Accuracy: 64.77%
2025-05-19 22:48:37,415 - INFO - ✅ Regular Evaluation Top-5 Accuracy: 77.27%
2025-05-19 22:48:37,416 - INFO - Fruits
2025-05-19 22:48:37,658 - INFO - ✅ Regular Evaluation Accuracy: 87.64%
2025-05-19 22:48:37,691 - INFO - ✅ Regular Evaluation Top-5 Accuracy: 96.63%
2025-05-19 22:48:37,691 - INFO - Vegetables
2025-05-19 22:48:37,936 - INFO - ✅ Regular Evaluation Accuracy: 56.67%
2025-05-19 22:48:37,970 - INFO - ✅ Regular Evaluation Top-5 Accuracy: 92.22%
2025-05-19 22:48:37,972 - INFO - [Gradient Period 50 Run 10] Starting
2025-05-19 22:48:38,713 - INFO - Training on device: cuda
2025-05-19 22:49:55,094 - INFO - [Gradient Period 50 Run 10] Training time: 77.12s
2025-05-19 22:49:55,574 - INFO - ✅ Regular Evaluation Accuracy: 58.98%
2025-05-19 22:49:55,735 - INFO - ✅ Regular Evaluation Top-5 Accuracy: 89.14%
2025-05-19 22:49:55,781 - INFO - ✅ Regular Evaluation Accuracy: 7.37%
2025-05-19 22:49:55,815 - INFO - ✅ Regular Evaluation Top-5 Accuracy: 32.63%
2025-05-19 22:49:56,282 - INFO - ✅ Regular Evaluation Accuracy: 58.98%
2025-05-19 22:49:56,450 - INFO - ✅ Regular Evaluation Top-5 Accuracy: 89.14%
2025-05-19 22:49:56,450 - INFO - Nuts
2025-05-19 22:49:56,699 - INFO - ✅ Regular Evaluation Accuracy: 67.71%
2025-05-19 22:49:56,735 - INFO - ✅ Regular Evaluation Top-5 Accuracy: 94.79%
2025-05-19 22:49:56,735 - INFO - Spices
2025-05-19 22:49:56,978 - INFO - ✅ Regular Evaluation Accuracy: 39.77%
2025-05-19 22:49:57,011 - INFO - ✅ Regular Evaluation Top-5 Accuracy: 82.95%
2025-05-19 22:49:57,011 - INFO - Herbs
2025-05-19 22:49:57,255 - INFO - ✅ Regular Evaluation Accuracy: 60.23%
2025-05-19 22:49:57,289 - INFO - ✅ Regular Evaluation Top-5 Accuracy: 79.55%
2025-05-19 22:49:57,289 - INFO - Fruits
2025-05-19 22:49:57,531 - INFO - ✅ Regular Evaluation Accuracy: 71.91%
2025-05-19 22:49:57,564 - INFO - ✅ Regular Evaluation Top-5 Accuracy: 95.51%
2025-05-19 22:49:57,564 - INFO - Vegetables
2025-05-19 22:49:57,810 - INFO - ✅ Regular Evaluation Accuracy: 54.44%
2025-05-19 22:49:57,843 - INFO - ✅ Regular Evaluation Top-5 Accuracy: 92.22%
